{"C:\\Users\\Lenovo\\OneDrive\\Documents\\GitHub\\FSD_project\\frontend\\src\\App.tsx": {"path":"C:\\Users\\Lenovo\\OneDrive\\Documents\\GitHub\\FSD_project\\frontend\\src\\App.tsx","statementMap":{"0":{"start":{"line":1,"column":0},"end":{"line":1,"column":26}},"1":{"start":{"line":2,"column":0},"end":{"line":2,"column":46}},"2":{"start":{"line":5,"column":2},"end":{"line":9,"column":4}},"3":{"start":{"line":12,"column":0},"end":{"line":12,"column":19}}},"fnMap":{"0":{"name":"App","decl":{"start":{"line":4,"column":9},"end":{"line":4,"column":12}},"loc":{"start":{"line":4,"column":12},"end":{"line":10,"column":1}}}},"branchMap":{},"s":{"0":0,"1":0,"2":0,"3":0},"f":{"0":0},"b":{}}
,"C:\\Users\\Lenovo\\OneDrive\\Documents\\GitHub\\FSD_project\\frontend\\src\\components\\DateTimePicker.tsx": {"path":"C:\\Users\\Lenovo\\OneDrive\\Documents\\GitHub\\FSD_project\\frontend\\src\\components\\DateTimePicker.tsx","statementMap":{"0":{"start":{"line":1,"column":0},"end":{"line":1,"column":42}},"1":{"start":{"line":2,"column":0},"end":{"line":2,"column":38}},"2":{"start":{"line":9,"column":55},"end":{"line":134,"column":1}},"3":{"start":{"line":10,"column":30},"end":{"line":10,"column":45}},"4":{"start":{"line":11,"column":50},"end":{"line":11,"column":86}},"5":{"start":{"line":13,"column":31},"end":{"line":16,"column":3}},"6":{"start":{"line":14,"column":4},"end":{"line":14,"column":31}},"7":{"start":{"line":15,"column":4},"end":{"line":15,"column":33}},"8":{"start":{"line":18,"column":22},"end":{"line":22,"column":3}},"9":{"start":{"line":19,"column":4},"end":{"line":19,"column":28}},"10":{"start":{"line":20,"column":4},"end":{"line":20,"column":24}},"11":{"start":{"line":21,"column":4},"end":{"line":21,"column":21}},"12":{"start":{"line":24,"column":28},"end":{"line":35,"column":3}},"13":{"start":{"line":25,"column":4},"end":{"line":25,"column":44}},"14":{"start":{"line":25,"column":22},"end":{"line":25,"column":44}},"15":{"start":{"line":27,"column":17},"end":{"line":27,"column":38}},"16":{"start":{"line":28,"column":4},"end":{"line":34,"column":7}},"17":{"start":{"line":37,"column":25},"end":{"line":40,"column":3}},"18":{"start":{"line":38,"column":16},"end":{"line":38,"column":26}},"19":{"start":{"line":39,"column":4},"end":{"line":39,"column":42}},"20":{"start":{"line":42,"column":2},"end":{"line":133,"column":4}},"21":{"start":{"line":47,"column":23},"end":{"line":47,"column":41}},"22":{"start":{"line":60,"column":29},"end":{"line":60,"column":45}},"23":{"start":{"line":70,"column":31},"end":{"line":70,"column":67}},"24":{"start":{"line":80,"column":35},"end":{"line":80,"column":45}},"25":{"start":{"line":81,"column":18},"end":{"line":81,"column":59}},"26":{"start":{"line":82,"column":18},"end":{"line":82,"column":48}},"27":{"start":{"line":83,"column":18},"end":{"line":83,"column":76}},"28":{"start":{"line":92,"column":32},"end":{"line":92,"column":42}},"29":{"start":{"line":93,"column":18},"end":{"line":93,"column":46}},"30":{"start":{"line":94,"column":18},"end":{"line":94,"column":73}},"31":{"start":{"line":103,"column":35},"end":{"line":103,"column":45}},"32":{"start":{"line":104,"column":18},"end":{"line":104,"column":59}},"33":{"start":{"line":105,"column":18},"end":{"line":105,"column":48}},"34":{"start":{"line":106,"column":18},"end":{"line":106,"column":76}},"35":{"start":{"line":125,"column":29},"end":{"line":125,"column":45}},"36":{"start":{"line":9,"column":13},"end":{"line":9,"column":55}}},"fnMap":{"0":{"name":"(anonymous_0)","decl":{"start":{"line":9,"column":55},"end":{"line":9,"column":56}},"loc":{"start":{"line":9,"column":86},"end":{"line":134,"column":1}}},"1":{"name":"(anonymous_1)","decl":{"start":{"line":13,"column":31},"end":{"line":13,"column":32}},"loc":{"start":{"line":13,"column":49},"end":{"line":16,"column":3}}},"2":{"name":"(anonymous_2)","decl":{"start":{"line":18,"column":22},"end":{"line":18,"column":25}},"loc":{"start":{"line":18,"column":27},"end":{"line":22,"column":3}}},"3":{"name":"(anonymous_3)","decl":{"start":{"line":24,"column":28},"end":{"line":24,"column":29}},"loc":{"start":{"line":24,"column":60},"end":{"line":35,"column":3}}},"4":{"name":"(anonymous_4)","decl":{"start":{"line":37,"column":25},"end":{"line":37,"column":36}},"loc":{"start":{"line":37,"column":38},"end":{"line":40,"column":3}}},"5":{"name":"(anonymous_5)","decl":{"start":{"line":47,"column":17},"end":{"line":47,"column":20}},"loc":{"start":{"line":47,"column":23},"end":{"line":47,"column":41}}},"6":{"name":"(anonymous_6)","decl":{"start":{"line":60,"column":23},"end":{"line":60,"column":26}},"loc":{"start":{"line":60,"column":29},"end":{"line":60,"column":45}}},"7":{"name":"(anonymous_7)","decl":{"start":{"line":70,"column":24},"end":{"line":70,"column":25}},"loc":{"start":{"line":70,"column":31},"end":{"line":70,"column":67}}},"8":{"name":"(anonymous_8)","decl":{"start":{"line":79,"column":25},"end":{"line":79,"column":28}},"loc":{"start":{"line":79,"column":30},"end":{"line":84,"column":17}}},"9":{"name":"(anonymous_9)","decl":{"start":{"line":91,"column":25},"end":{"line":91,"column":28}},"loc":{"start":{"line":91,"column":30},"end":{"line":95,"column":17}}},"10":{"name":"(anonymous_10)","decl":{"start":{"line":102,"column":25},"end":{"line":102,"column":28}},"loc":{"start":{"line":102,"column":30},"end":{"line":107,"column":17}}},"11":{"name":"(anonymous_11)","decl":{"start":{"line":125,"column":23},"end":{"line":125,"column":26}},"loc":{"start":{"line":125,"column":29},"end":{"line":125,"column":45}}}},"branchMap":{"0":{"loc":{"start":{"line":11,"column":67},"end":{"line":11,"column":85}},"type":"binary-expr","locations":[{"start":{"line":11,"column":67},"end":{"line":11,"column":79}},{"start":{"line":11,"column":83},"end":{"line":11,"column":85}}]},"1":{"loc":{"start":{"line":15,"column":13},"end":{"line":15,"column":31}},"type":"binary-expr","locations":[{"start":{"line":15,"column":13},"end":{"line":15,"column":18}},{"start":{"line":15,"column":22},"end":{"line":15,"column":31}}]},"2":{"loc":{"start":{"line":25,"column":4},"end":{"line":25,"column":44}},"type":"if","locations":[{"start":{"line":25,"column":4},"end":{"line":25,"column":44}}]},"3":{"loc":{"start":{"line":46,"column":40},"end":{"line":46,"column":72}},"type":"cond-expr","locations":[{"start":{"line":46,"column":59},"end":{"line":46,"column":67}},{"start":{"line":46,"column":70},"end":{"line":46,"column":72}}]},"4":{"loc":{"start":{"line":53,"column":7},"end":{"line":130,"column":null}},"type":"binary-expr","locations":[{"start":{"line":53,"column":7},"end":{"line":53,"column":13}},{"start":{"line":54,"column":8},"end":{"line":129,"column":null}}]}},"s":{"0":0,"1":0,"2":0,"3":0,"4":0,"5":0,"6":0,"7":0,"8":0,"9":0,"10":0,"11":0,"12":0,"13":0,"14":0,"15":0,"16":0,"17":0,"18":0,"19":0,"20":0,"21":0,"22":0,"23":0,"24":0,"25":0,"26":0,"27":0,"28":0,"29":0,"30":0,"31":0,"32":0,"33":0,"34":0,"35":0,"36":0},"f":{"0":0,"1":0,"2":0,"3":0,"4":0,"5":0,"6":0,"7":0,"8":0,"9":0,"10":0,"11":0},"b":{"0":[0,0],"1":[0,0],"2":[0],"3":[0,0],"4":[0,0]}}
,"C:\\Users\\Lenovo\\OneDrive\\Documents\\GitHub\\FSD_project\\frontend\\src\\components\\PrioritySelector.tsx": {"path":"C:\\Users\\Lenovo\\OneDrive\\Documents\\GitHub\\FSD_project\\frontend\\src\\components\\PrioritySelector.tsx","statementMap":{"0":{"start":{"line":3,"column":0},"end":{"line":3,"column":40}},"1":{"start":{"line":10,"column":59},"end":{"line":41,"column":1}},"2":{"start":{"line":11,"column":93},"end":{"line":15,"column":4}},"3":{"start":{"line":17,"column":2},"end":{"line":40,"column":4}},"4":{"start":{"line":22,"column":10},"end":{"line":23,"column":null}},"5":{"start":{"line":26,"column":27},"end":{"line":26,"column":51}},"6":{"start":{"line":10,"column":13},"end":{"line":10,"column":59}}},"fnMap":{"0":{"name":"(anonymous_0)","decl":{"start":{"line":10,"column":59},"end":{"line":10,"column":60}},"loc":{"start":{"line":10,"column":94},"end":{"line":41,"column":1}}},"1":{"name":"(anonymous_1)","decl":{"start":{"line":21,"column":24},"end":{"line":21,"column":25}},"loc":{"start":{"line":22,"column":10},"end":{"line":23,"column":null}}},"2":{"name":"(anonymous_2)","decl":{"start":{"line":26,"column":21},"end":{"line":26,"column":24}},"loc":{"start":{"line":26,"column":27},"end":{"line":26,"column":51}}}},"branchMap":{"0":{"loc":{"start":{"line":25,"column":39},"end":{"line":25,"column":92}},"type":"cond-expr","locations":[{"start":{"line":25,"column":77},"end":{"line":25,"column":87}},{"start":{"line":25,"column":90},"end":{"line":25,"column":92}}]},"1":{"loc":{"start":{"line":28,"column":27},"end":{"line":28,"column":91}},"type":"cond-expr","locations":[{"start":{"line":28,"column":65},"end":{"line":28,"column":79}},{"start":{"line":28,"column":82},"end":{"line":28,"column":91}}]},"2":{"loc":{"start":{"line":30,"column":16},"end":{"line":30,"column":85}},"type":"cond-expr","locations":[{"start":{"line":30,"column":54},"end":{"line":30,"column":75}},{"start":{"line":30,"column":78},"end":{"line":30,"column":85}}]}},"s":{"0":0,"1":0,"2":0,"3":0,"4":0,"5":0,"6":0},"f":{"0":0,"1":0,"2":0},"b":{"0":[0,0],"1":[0,0],"2":[0,0]}}
,"C:\\Users\\Lenovo\\OneDrive\\Documents\\GitHub\\FSD_project\\frontend\\src\\components\\TimeDisplay.tsx": {"path":"C:\\Users\\Lenovo\\OneDrive\\Documents\\GitHub\\FSD_project\\frontend\\src\\components\\TimeDisplay.tsx","statementMap":{"0":{"start":{"line":1,"column":0},"end":{"line":1,"column":53}},"1":{"start":{"line":2,"column":0},"end":{"line":2,"column":35}},"2":{"start":{"line":4,"column":31},"end":{"line":32,"column":1}},"3":{"start":{"line":5,"column":40},"end":{"line":5,"column":60}},"4":{"start":{"line":7,"column":2},"end":{"line":25,"column":9}},"5":{"start":{"line":8,"column":23},"end":{"line":20,"column":5}},"6":{"start":{"line":9,"column":18},"end":{"line":9,"column":28}},"7":{"start":{"line":10,"column":28},"end":{"line":18,"column":8}},"8":{"start":{"line":19,"column":6},"end":{"line":19,"column":36}},"9":{"start":{"line":22,"column":4},"end":{"line":22,"column":17}},"10":{"start":{"line":23,"column":21},"end":{"line":23,"column":50}},"11":{"start":{"line":24,"column":4},"end":{"line":24,"column":41}},"12":{"start":{"line":24,"column":17},"end":{"line":24,"column":40}},"13":{"start":{"line":27,"column":2},"end":{"line":31,"column":4}},"14":{"start":{"line":4,"column":13},"end":{"line":4,"column":31}}},"fnMap":{"0":{"name":"(anonymous_0)","decl":{"start":{"line":4,"column":31},"end":{"line":4,"column":34}},"loc":{"start":{"line":4,"column":36},"end":{"line":32,"column":1}}},"1":{"name":"(anonymous_1)","decl":{"start":{"line":7,"column":12},"end":{"line":7,"column":15}},"loc":{"start":{"line":7,"column":17},"end":{"line":25,"column":3}}},"2":{"name":"(anonymous_2)","decl":{"start":{"line":8,"column":23},"end":{"line":8,"column":26}},"loc":{"start":{"line":8,"column":28},"end":{"line":20,"column":5}}},"3":{"name":"(anonymous_3)","decl":{"start":{"line":24,"column":11},"end":{"line":24,"column":14}},"loc":{"start":{"line":24,"column":17},"end":{"line":24,"column":40}}}},"branchMap":{},"s":{"0":0,"1":0,"2":0,"3":0,"4":0,"5":0,"6":0,"7":0,"8":0,"9":0,"10":0,"11":0,"12":0,"13":0,"14":0},"f":{"0":0,"1":0,"2":0,"3":0},"b":{}}
,"C:\\Users\\Lenovo\\OneDrive\\Documents\\GitHub\\FSD_project\\frontend\\src\\components\\TodoStats.tsx": {"path":"C:\\Users\\Lenovo\\OneDrive\\Documents\\GitHub\\FSD_project\\frontend\\src\\components\\TodoStats.tsx","statementMap":{"0":{"start":{"line":1,"column":0},"end":{"line":1,"column":53}},"1":{"start":{"line":2,"column":0},"end":{"line":2,"column":null}},"2":{"start":{"line":12,"column":0},"end":{"line":12,"column":33}},"3":{"start":{"line":29,"column":29},"end":{"line":129,"column":1}},"4":{"start":{"line":30,"column":40},"end":{"line":30,"column":67}},"5":{"start":{"line":31,"column":48},"end":{"line":31,"column":86}},"6":{"start":{"line":32,"column":32},"end":{"line":32,"column":47}},"7":{"start":{"line":33,"column":28},"end":{"line":33,"column":57}},"8":{"start":{"line":35,"column":2},"end":{"line":65,"column":9}},"9":{"start":{"line":36,"column":23},"end":{"line":60,"column":5}},"10":{"start":{"line":37,"column":6},"end":{"line":59,"column":7}},"11":{"start":{"line":38,"column":8},"end":{"line":38,"column":25}},"12":{"start":{"line":39,"column":45},"end":{"line":42,"column":10}},"13":{"start":{"line":44,"column":8},"end":{"line":47,"column":9}},"14":{"start":{"line":45,"column":23},"end":{"line":45,"column":46}},"15":{"start":{"line":46,"column":10},"end":{"line":46,"column":31}},"16":{"start":{"line":49,"column":8},"end":{"line":52,"column":9}},"17":{"start":{"line":50,"column":23},"end":{"line":50,"column":50}},"18":{"start":{"line":51,"column":10},"end":{"line":51,"column":35}},"19":{"start":{"line":54,"column":8},"end":{"line":54,"column":23}},"20":{"start":{"line":56,"column":8},"end":{"line":56,"column":79}},"21":{"start":{"line":58,"column":8},"end":{"line":58,"column":26}},"22":{"start":{"line":62,"column":4},"end":{"line":62,"column":17}},"23":{"start":{"line":63,"column":21},"end":{"line":63,"column":50}},"24":{"start":{"line":64,"column":4},"end":{"line":64,"column":41}},"25":{"start":{"line":64,"column":17},"end":{"line":64,"column":40}},"26":{"start":{"line":67,"column":2},"end":{"line":69,"column":3}},"27":{"start":{"line":68,"column":4},"end":{"line":68,"column":75}},"28":{"start":{"line":71,"column":2},"end":{"line":73,"column":3}},"29":{"start":{"line":72,"column":4},"end":{"line":72,"column":66}},"30":{"start":{"line":75,"column":2},"end":{"line":128,"column":4}},"31":{"start":{"line":29,"column":13},"end":{"line":29,"column":29}}},"fnMap":{"0":{"name":"(anonymous_0)","decl":{"start":{"line":29,"column":29},"end":{"line":29,"column":32}},"loc":{"start":{"line":29,"column":34},"end":{"line":129,"column":1}}},"1":{"name":"(anonymous_1)","decl":{"start":{"line":35,"column":12},"end":{"line":35,"column":15}},"loc":{"start":{"line":35,"column":17},"end":{"line":65,"column":3}}},"2":{"name":"(anonymous_2)","decl":{"start":{"line":36,"column":23},"end":{"line":36,"column":28}},"loc":{"start":{"line":36,"column":34},"end":{"line":60,"column":5}}},"3":{"name":"(anonymous_3)","decl":{"start":{"line":64,"column":11},"end":{"line":64,"column":14}},"loc":{"start":{"line":64,"column":17},"end":{"line":64,"column":40}}}},"branchMap":{"0":{"loc":{"start":{"line":44,"column":8},"end":{"line":47,"column":9}},"type":"if","locations":[{"start":{"line":44,"column":8},"end":{"line":47,"column":9}}]},"1":{"loc":{"start":{"line":49,"column":8},"end":{"line":52,"column":9}},"type":"if","locations":[{"start":{"line":49,"column":8},"end":{"line":52,"column":9}}]},"2":{"loc":{"start":{"line":56,"column":17},"end":{"line":56,"column":77}},"type":"cond-expr","locations":[{"start":{"line":56,"column":40},"end":{"line":56,"column":51}},{"start":{"line":56,"column":54},"end":{"line":56,"column":77}}]},"3":{"loc":{"start":{"line":67,"column":2},"end":{"line":69,"column":3}},"type":"if","locations":[{"start":{"line":67,"column":2},"end":{"line":69,"column":3}}]},"4":{"loc":{"start":{"line":67,"column":6},"end":{"line":67,"column":36}},"type":"binary-expr","locations":[{"start":{"line":67,"column":6},"end":{"line":67,"column":13}},{"start":{"line":67,"column":17},"end":{"line":67,"column":36}}]},"5":{"loc":{"start":{"line":71,"column":2},"end":{"line":73,"column":3}},"type":"if","locations":[{"start":{"line":71,"column":2},"end":{"line":73,"column":3}}]},"6":{"loc":{"start":{"line":78,"column":9},"end":{"line":107,"column":null}},"type":"binary-expr","locations":[{"start":{"line":78,"column":9},"end":{"line":78,"column":24}},{"start":{"line":79,"column":10},"end":{"line":106,"column":null}}]},"7":{"loc":{"start":{"line":110,"column":9},"end":{"line":124,"column":null}},"type":"binary-expr","locations":[{"start":{"line":110,"column":9},"end":{"line":110,"column":31}},{"start":{"line":111,"column":10},"end":{"line":123,"column":null}}]}},"s":{"0":0,"1":0,"2":0,"3":0,"4":0,"5":0,"6":0,"7":0,"8":0,"9":0,"10":0,"11":0,"12":0,"13":0,"14":0,"15":0,"16":0,"17":0,"18":0,"19":0,"20":0,"21":0,"22":0,"23":0,"24":0,"25":0,"26":0,"27":0,"28":0,"29":0,"30":0,"31":0},"f":{"0":0,"1":0,"2":0,"3":0},"b":{"0":[0],"1":[0],"2":[0,0],"3":[0],"4":[0,0],"5":[0],"6":[0,0],"7":[0,0]}}
,"C:\\Users\\Lenovo\\OneDrive\\Documents\\GitHub\\FSD_project\\frontend\\src\\components\\todos\\TodoFilters.tsx": {"path":"C:\\Users\\Lenovo\\OneDrive\\Documents\\GitHub\\FSD_project\\frontend\\src\\components\\todos\\TodoFilters.tsx","statementMap":{"0":{"start":{"line":3,"column":0},"end":{"line":3,"column":38}},"1":{"start":{"line":11,"column":49},"end":{"line":89,"column":1}},"2":{"start":{"line":13,"column":4},"end":{"line":19,"column":5}},"3":{"start":{"line":14,"column":4},"end":{"line":19,"column":5}},"4":{"start":{"line":15,"column":6},"end":{"line":18,"column":29}},"5":{"start":{"line":22,"column":4},"end":{"line":25,"column":25}},"6":{"start":{"line":27,"column":2},"end":{"line":88,"column":4}},"7":{"start":{"line":11,"column":13},"end":{"line":11,"column":49}}},"fnMap":{"0":{"name":"(anonymous_0)","decl":{"start":{"line":11,"column":49},"end":{"line":11,"column":50}},"loc":{"start":{"line":11,"column":84},"end":{"line":89,"column":1}}},"1":{"name":"(anonymous_1)","decl":{"start":{"line":13,"column":4},"end":{"line":13,"column":39}},"loc":{"start":{"line":14,"column":4},"end":{"line":19,"column":5}}},"2":{"name":"(anonymous_2)","decl":{"start":{"line":14,"column":4},"end":{"line":14,"column":5}},"loc":{"start":{"line":14,"column":65},"end":{"line":19,"column":5}}}},"branchMap":{"0":{"loc":{"start":{"line":22,"column":4},"end":{"line":25,"column":25}},"type":"binary-expr","locations":[{"start":{"line":22,"column":4},"end":{"line":22,"column":32}},{"start":{"line":23,"column":4},"end":{"line":23,"column":28}},{"start":{"line":24,"column":4},"end":{"line":24,"column":30}},{"start":{"line":25,"column":4},"end":{"line":25,"column":25}}]},"1":{"loc":{"start":{"line":82,"column":15},"end":{"line":82,"column":73}},"type":"cond-expr","locations":[{"start":{"line":82,"column":34},"end":{"line":82,"column":51}},{"start":{"line":82,"column":54},"end":{"line":82,"column":73}}]}},"s":{"0":0,"1":0,"2":0,"3":0,"4":0,"5":0,"6":0,"7":0},"f":{"0":0,"1":0,"2":0},"b":{"0":[0,0,0,0],"1":[0,0]}}
,"C:\\Users\\Lenovo\\OneDrive\\Documents\\GitHub\\FSD_project\\frontend\\src\\components\\todos\\TodoForm.tsx": {"path":"C:\\Users\\Lenovo\\OneDrive\\Documents\\GitHub\\FSD_project\\frontend\\src\\components\\todos\\TodoForm.tsx","statementMap":{"0":{"start":{"line":1,"column":0},"end":{"line":1,"column":42}},"1":{"start":{"line":3,"column":0},"end":{"line":3,"column":51}},"2":{"start":{"line":4,"column":0},"end":{"line":4,"column":55}},"3":{"start":{"line":5,"column":0},"end":{"line":5,"column":35}},"4":{"start":{"line":12,"column":43},"end":{"line":74,"column":1}},"5":{"start":{"line":13,"column":28},"end":{"line":13,"column":40}},"6":{"start":{"line":14,"column":32},"end":{"line":14,"column":47}},"7":{"start":{"line":15,"column":32},"end":{"line":15,"column":62}},"8":{"start":{"line":16,"column":34},"end":{"line":16,"column":66}},"9":{"start":{"line":18,"column":23},"end":{"line":34,"column":3}},"10":{"start":{"line":19,"column":4},"end":{"line":19,"column":23}},"11":{"start":{"line":20,"column":4},"end":{"line":20,"column":30}},"12":{"start":{"line":20,"column":23},"end":{"line":20,"column":30}},"13":{"start":{"line":22,"column":4},"end":{"line":22,"column":21}},"14":{"start":{"line":23,"column":4},"end":{"line":33,"column":5}},"15":{"start":{"line":24,"column":6},"end":{"line":27,"column":9}},"16":{"start":{"line":28,"column":6},"end":{"line":28,"column":19}},"17":{"start":{"line":29,"column":6},"end":{"line":29,"column":28}},"18":{"start":{"line":30,"column":6},"end":{"line":30,"column":29}},"19":{"start":{"line":32,"column":6},"end":{"line":32,"column":24}},"20":{"start":{"line":36,"column":2},"end":{"line":73,"column":4}},"21":{"start":{"line":42,"column":27},"end":{"line":42,"column":51}},"22":{"start":{"line":12,"column":13},"end":{"line":12,"column":43}}},"fnMap":{"0":{"name":"(anonymous_0)","decl":{"start":{"line":12,"column":43},"end":{"line":12,"column":44}},"loc":{"start":{"line":12,"column":78},"end":{"line":74,"column":1}}},"1":{"name":"(anonymous_1)","decl":{"start":{"line":18,"column":23},"end":{"line":18,"column":28}},"loc":{"start":{"line":18,"column":69},"end":{"line":34,"column":3}}},"2":{"name":"(anonymous_2)","decl":{"start":{"line":42,"column":20},"end":{"line":42,"column":21}},"loc":{"start":{"line":42,"column":27},"end":{"line":42,"column":51}}}},"branchMap":{"0":{"loc":{"start":{"line":12,"column":56},"end":{"line":12,"column":72}},"type":"default-arg","locations":[{"start":{"line":12,"column":67},"end":{"line":12,"column":72}}]},"1":{"loc":{"start":{"line":20,"column":4},"end":{"line":20,"column":30}},"type":"if","locations":[{"start":{"line":20,"column":4},"end":{"line":20,"column":30}}]},"2":{"loc":{"start":{"line":45,"column":20},"end":{"line":45,"column":39}},"type":"binary-expr","locations":[{"start":{"line":45,"column":20},"end":{"line":45,"column":28}},{"start":{"line":45,"column":32},"end":{"line":45,"column":39}}]},"3":{"loc":{"start":{"line":48,"column":40},"end":{"line":48,"column":59}},"type":"binary-expr","locations":[{"start":{"line":48,"column":40},"end":{"line":48,"column":48}},{"start":{"line":48,"column":52},"end":{"line":48,"column":59}}]},"4":{"loc":{"start":{"line":49,"column":11},"end":{"line":49,"column":40}},"type":"cond-expr","locations":[{"start":{"line":49,"column":21},"end":{"line":49,"column":32}},{"start":{"line":49,"column":35},"end":{"line":49,"column":40}}]},"5":{"loc":{"start":{"line":58,"column":7},"end":{"line":70,"column":null}},"type":"binary-expr","locations":[{"start":{"line":58,"column":8},"end":{"line":58,"column":16}},{"start":{"line":58,"column":20},"end":{"line":58,"column":27}},{"start":{"line":59,"column":8},"end":{"line":69,"column":null}}]},"6":{"loc":{"start":{"line":60,"column":11},"end":{"line":60,"column":92}},"type":"binary-expr","locations":[{"start":{"line":60,"column":11},"end":{"line":60,"column":19}},{"start":{"line":60,"column":23},"end":{"line":60,"column":92}}]},"7":{"loc":{"start":{"line":61,"column":11},"end":{"line":68,"column":null}},"type":"binary-expr","locations":[{"start":{"line":61,"column":11},"end":{"line":61,"column":18}},{"start":{"line":62,"column":12},"end":{"line":67,"column":null}}]}},"s":{"0":1,"1":1,"2":1,"3":1,"4":1,"5":8,"6":8,"7":8,"8":8,"9":8,"10":2,"11":2,"12":1,"13":1,"14":1,"15":1,"16":1,"17":1,"18":1,"19":1,"20":8,"21":2,"22":1},"f":{"0":8,"1":2,"2":2},"b":{"0":[8],"1":[1],"2":[8,8],"3":[8,8],"4":[1,7],"5":[8,6,3],"6":[3,2],"7":[3,3]}}
,"C:\\Users\\Lenovo\\OneDrive\\Documents\\GitHub\\FSD_project\\frontend\\src\\components\\todos\\TodoItem.tsx": {"path":"C:\\Users\\Lenovo\\OneDrive\\Documents\\GitHub\\FSD_project\\frontend\\src\\components\\todos\\TodoItem.tsx","statementMap":{"0":{"start":{"line":1,"column":0},"end":{"line":1,"column":43}},"1":{"start":{"line":3,"column":0},"end":{"line":3,"column":65}},"2":{"start":{"line":4,"column":0},"end":{"line":4,"column":35}},"3":{"start":{"line":18,"column":43},"end":{"line":124,"column":1}},"4":{"start":{"line":29,"column":2},"end":{"line":38,"column":48}},"5":{"start":{"line":30,"column":4},"end":{"line":32,"column":5}},"6":{"start":{"line":31,"column":6},"end":{"line":31,"column":70}},"7":{"start":{"line":33,"column":4},"end":{"line":37,"column":6}},"8":{"start":{"line":34,"column":6},"end":{"line":36,"column":7}},"9":{"start":{"line":35,"column":8},"end":{"line":35,"column":42}},"10":{"start":{"line":40,"column":27},"end":{"line":51,"column":3}},"11":{"start":{"line":41,"column":4},"end":{"line":50,"column":5}},"12":{"start":{"line":43,"column":8},"end":{"line":43,"column":25}},"13":{"start":{"line":45,"column":8},"end":{"line":45,"column":25}},"14":{"start":{"line":47,"column":8},"end":{"line":47,"column":25}},"15":{"start":{"line":49,"column":8},"end":{"line":49,"column":29}},"16":{"start":{"line":53,"column":26},"end":{"line":64,"column":3}},"17":{"start":{"line":54,"column":42},"end":{"line":62,"column":6}},"18":{"start":{"line":63,"column":4},"end":{"line":63,"column":33}},"19":{"start":{"line":66,"column":25},"end":{"line":70,"column":3}},"20":{"start":{"line":67,"column":4},"end":{"line":67,"column":30}},"21":{"start":{"line":67,"column":18},"end":{"line":67,"column":30}},"22":{"start":{"line":68,"column":29},"end":{"line":68,"column":70}},"23":{"start":{"line":69,"column":4},"end":{"line":69,"column":28}},"24":{"start":{"line":72,"column":22},"end":{"line":72,"column":38}},"25":{"start":{"line":74,"column":2},"end":{"line":123,"column":4}},"26":{"start":{"line":79,"column":24},"end":{"line":79,"column":36}},"27":{"start":{"line":116,"column":23},"end":{"line":116,"column":35}},"28":{"start":{"line":18,"column":13},"end":{"line":18,"column":43}}},"fnMap":{"0":{"name":"(anonymous_0)","decl":{"start":{"line":18,"column":43},"end":{"line":18,"column":44}},"loc":{"start":{"line":28,"column":5},"end":{"line":124,"column":1}}},"1":{"name":"(anonymous_1)","decl":{"start":{"line":29,"column":12},"end":{"line":29,"column":15}},"loc":{"start":{"line":29,"column":17},"end":{"line":38,"column":3}}},"2":{"name":"(anonymous_2)","decl":{"start":{"line":33,"column":11},"end":{"line":33,"column":14}},"loc":{"start":{"line":33,"column":16},"end":{"line":37,"column":5}}},"3":{"name":"(anonymous_3)","decl":{"start":{"line":40,"column":27},"end":{"line":40,"column":28}},"loc":{"start":{"line":40,"column":44},"end":{"line":51,"column":3}}},"4":{"name":"(anonymous_4)","decl":{"start":{"line":53,"column":26},"end":{"line":53,"column":27}},"loc":{"start":{"line":53,"column":45},"end":{"line":64,"column":3}}},"5":{"name":"(anonymous_5)","decl":{"start":{"line":66,"column":25},"end":{"line":66,"column":28}},"loc":{"start":{"line":66,"column":30},"end":{"line":70,"column":3}}},"6":{"name":"(anonymous_6)","decl":{"start":{"line":79,"column":18},"end":{"line":79,"column":21}},"loc":{"start":{"line":79,"column":24},"end":{"line":79,"column":36}}},"7":{"name":"(anonymous_7)","decl":{"start":{"line":116,"column":17},"end":{"line":116,"column":20}},"loc":{"start":{"line":116,"column":23},"end":{"line":116,"column":35}}}},"branchMap":{"0":{"loc":{"start":{"line":30,"column":4},"end":{"line":32,"column":5}},"type":"if","locations":[{"start":{"line":30,"column":4},"end":{"line":32,"column":5}}]},"1":{"loc":{"start":{"line":30,"column":8},"end":{"line":30,"column":29}},"type":"binary-expr","locations":[{"start":{"line":30,"column":8},"end":{"line":30,"column":15}},{"start":{"line":30,"column":19},"end":{"line":30,"column":29}}]},"2":{"loc":{"start":{"line":34,"column":6},"end":{"line":36,"column":7}},"type":"if","locations":[{"start":{"line":34,"column":6},"end":{"line":36,"column":7}}]},"3":{"loc":{"start":{"line":34,"column":10},"end":{"line":34,"column":31}},"type":"binary-expr","locations":[{"start":{"line":34,"column":10},"end":{"line":34,"column":17}},{"start":{"line":34,"column":21},"end":{"line":34,"column":31}}]},"4":{"loc":{"start":{"line":41,"column":4},"end":{"line":50,"column":5}},"type":"switch","locations":[{"start":{"line":42,"column":6},"end":{"line":43,"column":25}},{"start":{"line":44,"column":6},"end":{"line":45,"column":25}},{"start":{"line":46,"column":6},"end":{"line":47,"column":25}},{"start":{"line":48,"column":6},"end":{"line":49,"column":29}}]},"5":{"loc":{"start":{"line":63,"column":17},"end":{"line":63,"column":31}},"type":"binary-expr","locations":[{"start":{"line":63,"column":17},"end":{"line":63,"column":20}},{"start":{"line":63,"column":24},"end":{"line":63,"column":31}}]},"6":{"loc":{"start":{"line":67,"column":4},"end":{"line":67,"column":30}},"type":"if","locations":[{"start":{"line":67,"column":4},"end":{"line":67,"column":30}}]},"7":{"loc":{"start":{"line":75,"column":33},"end":{"line":75,"column":61}},"type":"cond-expr","locations":[{"start":{"line":75,"column":45},"end":{"line":75,"column":56}},{"start":{"line":75,"column":59},"end":{"line":75,"column":61}}]},"8":{"loc":{"start":{"line":86,"column":11},"end":{"line":93,"column":null}},"type":"binary-expr","locations":[{"start":{"line":86,"column":11},"end":{"line":86,"column":19}},{"start":{"line":87,"column":12},"end":{"line":92,"column":null}}]},"9":{"loc":{"start":{"line":95,"column":11},"end":{"line":98,"column":null}},"type":"binary-expr","locations":[{"start":{"line":95,"column":11},"end":{"line":95,"column":19}},{"start":{"line":96,"column":12},"end":{"line":97,"column":null}}]},"10":{"loc":{"start":{"line":100,"column":11},"end":{"line":103,"column":null}},"type":"binary-expr","locations":[{"start":{"line":100,"column":11},"end":{"line":100,"column":27}},{"start":{"line":101,"column":12},"end":{"line":102,"column":null}}]},"11":{"loc":{"start":{"line":102,"column":17},"end":{"line":102,"column":105}},"type":"cond-expr","locations":[{"start":{"line":102,"column":41},"end":{"line":102,"column":63}},{"start":{"line":102,"column":66},"end":{"line":102,"column":105}}]},"12":{"loc":{"start":{"line":105,"column":11},"end":{"line":111,"column":null}},"type":"binary-expr","locations":[{"start":{"line":105,"column":11},"end":{"line":105,"column":22}},{"start":{"line":106,"column":12},"end":{"line":110,"column":null}}]}},"s":{"0":0,"1":0,"2":0,"3":0,"4":0,"5":0,"6":0,"7":0,"8":0,"9":0,"10":0,"11":0,"12":0,"13":0,"14":0,"15":0,"16":0,"17":0,"18":0,"19":0,"20":0,"21":0,"22":0,"23":0,"24":0,"25":0,"26":0,"27":0,"28":0},"f":{"0":0,"1":0,"2":0,"3":0,"4":0,"5":0,"6":0,"7":0},"b":{"0":[0],"1":[0,0],"2":[0],"3":[0,0],"4":[0,0,0,0],"5":[0,0],"6":[0],"7":[0,0],"8":[0,0],"9":[0,0],"10":[0,0],"11":[0,0],"12":[0,0]}}
,"C:\\Users\\Lenovo\\OneDrive\\Documents\\GitHub\\FSD_project\\frontend\\src\\components\\todos\\TodoList.tsx": {"path":"C:\\Users\\Lenovo\\OneDrive\\Documents\\GitHub\\FSD_project\\frontend\\src\\components\\todos\\TodoList.tsx","statementMap":{"0":{"start":{"line":2,"column":0},"end":{"line":2,"column":38}},"1":{"start":{"line":4,"column":0},"end":{"line":4,"column":35}},"2":{"start":{"line":14,"column":43},"end":{"line":46,"column":1}},"3":{"start":{"line":21,"column":2},"end":{"line":23,"column":3}},"4":{"start":{"line":22,"column":4},"end":{"line":22,"column":69}},"5":{"start":{"line":25,"column":2},"end":{"line":27,"column":3}},"6":{"start":{"line":26,"column":4},"end":{"line":26,"column":65}},"7":{"start":{"line":29,"column":2},"end":{"line":45,"column":4}},"8":{"start":{"line":32,"column":8},"end":{"line":33,"column":null}},"9":{"start":{"line":14,"column":13},"end":{"line":14,"column":43}}},"fnMap":{"0":{"name":"(anonymous_0)","decl":{"start":{"line":14,"column":43},"end":{"line":14,"column":44}},"loc":{"start":{"line":20,"column":5},"end":{"line":46,"column":1}}},"1":{"name":"(anonymous_1)","decl":{"start":{"line":31,"column":17},"end":{"line":31,"column":18}},"loc":{"start":{"line":32,"column":8},"end":{"line":33,"column":null}}}},"branchMap":{"0":{"loc":{"start":{"line":18,"column":2},"end":{"line":18,"column":17}},"type":"default-arg","locations":[{"start":{"line":18,"column":12},"end":{"line":18,"column":17}}]},"1":{"loc":{"start":{"line":19,"column":2},"end":{"line":19,"column":56}},"type":"default-arg","locations":[{"start":{"line":19,"column":17},"end":{"line":19,"column":56}}]},"2":{"loc":{"start":{"line":21,"column":2},"end":{"line":23,"column":3}},"type":"if","locations":[{"start":{"line":21,"column":2},"end":{"line":23,"column":3}}]},"3":{"loc":{"start":{"line":25,"column":2},"end":{"line":27,"column":3}},"type":"if","locations":[{"start":{"line":25,"column":2},"end":{"line":27,"column":3}}]}},"s":{"0":0,"1":0,"2":0,"3":0,"4":0,"5":0,"6":0,"7":0,"8":0,"9":0},"f":{"0":0,"1":0},"b":{"0":[0],"1":[0],"2":[0],"3":[0]}}
,"C:\\Users\\Lenovo\\OneDrive\\Documents\\GitHub\\FSD_project\\frontend\\src\\hooks\\useTodos.ts": {"path":"C:\\Users\\Lenovo\\OneDrive\\Documents\\GitHub\\FSD_project\\frontend\\src\\hooks\\useTodos.ts","statementMap":{"0":{"start":{"line":1,"column":0},"end":{"line":1,"column":44}},"1":{"start":{"line":3,"column":0},"end":{"line":3,"column":89}},"2":{"start":{"line":5,"column":24},"end":{"line":81,"column":1}},"3":{"start":{"line":6,"column":28},"end":{"line":6,"column":48}},"4":{"start":{"line":7,"column":32},"end":{"line":7,"column":46}},"5":{"start":{"line":8,"column":28},"end":{"line":8,"column":57}},"6":{"start":{"line":10,"column":2},"end":{"line":25,"column":16}},"7":{"start":{"line":11,"column":22},"end":{"line":22,"column":5}},"8":{"start":{"line":12,"column":6},"end":{"line":21,"column":7}},"9":{"start":{"line":13,"column":8},"end":{"line":13,"column":25}},"10":{"start":{"line":14,"column":21},"end":{"line":14,"column":46}},"11":{"start":{"line":15,"column":8},"end":{"line":15,"column":23}},"12":{"start":{"line":16,"column":8},"end":{"line":16,"column":23}},"13":{"start":{"line":18,"column":8},"end":{"line":18,"column":75}},"14":{"start":{"line":20,"column":8},"end":{"line":20,"column":26}},"15":{"start":{"line":24,"column":4},"end":{"line":24,"column":16}},"16":{"start":{"line":27,"column":22},"end":{"line":39,"column":3}},"17":{"start":{"line":28,"column":4},"end":{"line":38,"column":5}},"18":{"start":{"line":29,"column":6},"end":{"line":29,"column":23}},"19":{"start":{"line":30,"column":19},"end":{"line":30,"column":44}},"20":{"start":{"line":31,"column":6},"end":{"line":31,"column":21}},"21":{"start":{"line":32,"column":6},"end":{"line":32,"column":21}},"22":{"start":{"line":34,"column":6},"end":{"line":34,"column":73}},"23":{"start":{"line":35,"column":6},"end":{"line":35,"column":16}},"24":{"start":{"line":37,"column":6},"end":{"line":37,"column":24}},"25":{"start":{"line":41,"column":18},"end":{"line":55,"column":3}},"26":{"start":{"line":42,"column":4},"end":{"line":54,"column":5}},"27":{"start":{"line":43,"column":6},"end":{"line":49,"column":8}},"28":{"start":{"line":50,"column":6},"end":{"line":50,"column":26}},"29":{"start":{"line":52,"column":6},"end":{"line":52,"column":77}},"30":{"start":{"line":53,"column":6},"end":{"line":53,"column":16}},"31":{"start":{"line":57,"column":21},"end":{"line":68,"column":3}},"32":{"start":{"line":58,"column":17},"end":{"line":58,"column":47}},"33":{"start":{"line":58,"column":35},"end":{"line":58,"column":46}},"34":{"start":{"line":59,"column":4},"end":{"line":59,"column":22}},"35":{"start":{"line":59,"column":15},"end":{"line":59,"column":22}},"36":{"start":{"line":61,"column":4},"end":{"line":67,"column":5}},"37":{"start":{"line":62,"column":6},"end":{"line":62,"column":59}},"38":{"start":{"line":63,"column":6},"end":{"line":63,"column":26}},"39":{"start":{"line":65,"column":6},"end":{"line":65,"column":77}},"40":{"start":{"line":66,"column":6},"end":{"line":66,"column":16}},"41":{"start":{"line":70,"column":21},"end":{"line":78,"column":3}},"42":{"start":{"line":71,"column":4},"end":{"line":77,"column":5}},"43":{"start":{"line":72,"column":6},"end":{"line":72,"column":27}},"44":{"start":{"line":73,"column":6},"end":{"line":73,"column":26}},"45":{"start":{"line":75,"column":6},"end":{"line":75,"column":77}},"46":{"start":{"line":76,"column":6},"end":{"line":76,"column":16}},"47":{"start":{"line":80,"column":2},"end":{"line":80,"column":68}},"48":{"start":{"line":5,"column":13},"end":{"line":5,"column":24}}},"fnMap":{"0":{"name":"(anonymous_0)","decl":{"start":{"line":5,"column":24},"end":{"line":5,"column":25}},"loc":{"start":{"line":5,"column":54},"end":{"line":81,"column":1}}},"1":{"name":"(anonymous_1)","decl":{"start":{"line":10,"column":12},"end":{"line":10,"column":15}},"loc":{"start":{"line":10,"column":17},"end":{"line":25,"column":3}}},"2":{"name":"(anonymous_2)","decl":{"start":{"line":11,"column":22},"end":{"line":11,"column":27}},"loc":{"start":{"line":11,"column":33},"end":{"line":22,"column":5}}},"3":{"name":"(anonymous_3)","decl":{"start":{"line":27,"column":22},"end":{"line":27,"column":27}},"loc":{"start":{"line":27,"column":33},"end":{"line":39,"column":3}}},"4":{"name":"(anonymous_4)","decl":{"start":{"line":41,"column":18},"end":{"line":41,"column":23}},"loc":{"start":{"line":41,"column":64},"end":{"line":55,"column":3}}},"5":{"name":"(anonymous_5)","decl":{"start":{"line":57,"column":21},"end":{"line":57,"column":26}},"loc":{"start":{"line":57,"column":42},"end":{"line":68,"column":3}}},"6":{"name":"(anonymous_6)","decl":{"start":{"line":58,"column":28},"end":{"line":58,"column":29}},"loc":{"start":{"line":58,"column":35},"end":{"line":58,"column":46}}},"7":{"name":"(anonymous_7)","decl":{"start":{"line":70,"column":21},"end":{"line":70,"column":26}},"loc":{"start":{"line":70,"column":42},"end":{"line":78,"column":3}}}},"branchMap":{"0":{"loc":{"start":{"line":18,"column":17},"end":{"line":18,"column":73}},"type":"cond-expr","locations":[{"start":{"line":18,"column":40},"end":{"line":18,"column":51}},{"start":{"line":18,"column":54},"end":{"line":18,"column":73}}]},"1":{"loc":{"start":{"line":34,"column":15},"end":{"line":34,"column":71}},"type":"cond-expr","locations":[{"start":{"line":34,"column":38},"end":{"line":34,"column":49}},{"start":{"line":34,"column":52},"end":{"line":34,"column":71}}]},"2":{"loc":{"start":{"line":52,"column":15},"end":{"line":52,"column":75}},"type":"cond-expr","locations":[{"start":{"line":52,"column":38},"end":{"line":52,"column":49}},{"start":{"line":52,"column":52},"end":{"line":52,"column":75}}]},"3":{"loc":{"start":{"line":59,"column":4},"end":{"line":59,"column":22}},"type":"if","locations":[{"start":{"line":59,"column":4},"end":{"line":59,"column":22}}]},"4":{"loc":{"start":{"line":65,"column":15},"end":{"line":65,"column":75}},"type":"cond-expr","locations":[{"start":{"line":65,"column":38},"end":{"line":65,"column":49}},{"start":{"line":65,"column":52},"end":{"line":65,"column":75}}]},"5":{"loc":{"start":{"line":75,"column":15},"end":{"line":75,"column":75}},"type":"cond-expr","locations":[{"start":{"line":75,"column":38},"end":{"line":75,"column":49}},{"start":{"line":75,"column":52},"end":{"line":75,"column":75}}]}},"s":{"0":0,"1":0,"2":0,"3":0,"4":0,"5":0,"6":0,"7":0,"8":0,"9":0,"10":0,"11":0,"12":0,"13":0,"14":0,"15":0,"16":0,"17":0,"18":0,"19":0,"20":0,"21":0,"22":0,"23":0,"24":0,"25":0,"26":0,"27":0,"28":0,"29":0,"30":0,"31":0,"32":0,"33":0,"34":0,"35":0,"36":0,"37":0,"38":0,"39":0,"40":0,"41":0,"42":0,"43":0,"44":0,"45":0,"46":0,"47":0,"48":0},"f":{"0":0,"1":0,"2":0,"3":0,"4":0,"5":0,"6":0,"7":0},"b":{"0":[0,0],"1":[0,0],"2":[0,0],"3":[0],"4":[0,0],"5":[0,0]}}
,"C:\\Users\\Lenovo\\OneDrive\\Documents\\GitHub\\FSD_project\\frontend\\src\\pages\\TodosPage.tsx": {"path":"C:\\Users\\Lenovo\\OneDrive\\Documents\\GitHub\\FSD_project\\frontend\\src\\pages\\TodosPage.tsx","statementMap":{"0":{"start":{"line":1,"column":0},"end":{"line":1,"column":42}},"1":{"start":{"line":3,"column":0},"end":{"line":3,"column":45}},"2":{"start":{"line":4,"column":0},"end":{"line":4,"column":56}},"3":{"start":{"line":5,"column":0},"end":{"line":5,"column":62}},"4":{"start":{"line":6,"column":0},"end":{"line":6,"column":56}},"5":{"start":{"line":7,"column":0},"end":{"line":7,"column":56}},"6":{"start":{"line":8,"column":0},"end":{"line":8,"column":52}},"7":{"start":{"line":9,"column":0},"end":{"line":9,"column":33}},"8":{"start":{"line":11,"column":29},"end":{"line":69,"column":1}},"9":{"start":{"line":12,"column":32},"end":{"line":17,"column":4}},"10":{"start":{"line":18,"column":69},"end":{"line":18,"column":86}},"11":{"start":{"line":20,"column":24},"end":{"line":22,"column":3}},"12":{"start":{"line":21,"column":4},"end":{"line":21,"column":31}},"13":{"start":{"line":25,"column":4},"end":{"line":28,"column":25}},"14":{"start":{"line":30,"column":2},"end":{"line":36,"column":3}},"15":{"start":{"line":31,"column":4},"end":{"line":35,"column":6}},"16":{"start":{"line":38,"column":2},"end":{"line":68,"column":4}},"17":{"start":{"line":47,"column":10},"end":{"line":52,"column":12}},"18":{"start":{"line":11,"column":13},"end":{"line":11,"column":29}}},"fnMap":{"0":{"name":"(anonymous_0)","decl":{"start":{"line":11,"column":29},"end":{"line":11,"column":32}},"loc":{"start":{"line":11,"column":34},"end":{"line":69,"column":1}}},"1":{"name":"(anonymous_1)","decl":{"start":{"line":20,"column":24},"end":{"line":20,"column":29}},"loc":{"start":{"line":20,"column":85},"end":{"line":22,"column":3}}},"2":{"name":"(anonymous_2)","decl":{"start":{"line":46,"column":17},"end":{"line":46,"column":20}},"loc":{"start":{"line":47,"column":10},"end":{"line":52,"column":12}}}},"branchMap":{"0":{"loc":{"start":{"line":25,"column":4},"end":{"line":28,"column":25}},"type":"binary-expr","locations":[{"start":{"line":25,"column":4},"end":{"line":25,"column":32}},{"start":{"line":26,"column":4},"end":{"line":26,"column":28}},{"start":{"line":27,"column":4},"end":{"line":27,"column":30}},{"start":{"line":28,"column":4},"end":{"line":28,"column":25}}]},"1":{"loc":{"start":{"line":30,"column":2},"end":{"line":36,"column":3}},"type":"if","locations":[{"start":{"line":30,"column":2},"end":{"line":36,"column":3}}]},"2":{"loc":{"start":{"line":30,"column":6},"end":{"line":30,"column":33}},"type":"binary-expr","locations":[{"start":{"line":30,"column":6},"end":{"line":30,"column":11}},{"start":{"line":30,"column":15},"end":{"line":30,"column":33}}]},"3":{"loc":{"start":{"line":61,"column":10},"end":{"line":63,"column":53}},"type":"cond-expr","locations":[{"start":{"line":62,"column":14},"end":{"line":62,"column":51}},{"start":{"line":63,"column":14},"end":{"line":63,"column":53}}]}},"s":{"0":0,"1":0,"2":0,"3":0,"4":0,"5":0,"6":0,"7":0,"8":0,"9":0,"10":0,"11":0,"12":0,"13":0,"14":0,"15":0,"16":0,"17":0,"18":0},"f":{"0":0,"1":0,"2":0},"b":{"0":[0,0,0,0],"1":[0],"2":[0,0],"3":[0,0]}}
,"C:\\Users\\Lenovo\\OneDrive\\Documents\\GitHub\\FSD_project\\frontend\\src\\services\\notificationService.ts": {"path":"C:\\Users\\Lenovo\\OneDrive\\Documents\\GitHub\\FSD_project\\frontend\\src\\services\\notificationService.ts","statementMap":{"0":{"start":{"line":6,"column":4},"end":{"line":9,"column":5}},"1":{"start":{"line":7,"column":6},"end":{"line":7,"column":65}},"2":{"start":{"line":8,"column":6},"end":{"line":8,"column":19}},"3":{"start":{"line":11,"column":4},"end":{"line":13,"column":5}},"4":{"start":{"line":12,"column":6},"end":{"line":12,"column":18}},"5":{"start":{"line":15,"column":4},"end":{"line":23,"column":5}},"6":{"start":{"line":16,"column":6},"end":{"line":22,"column":7}},"7":{"start":{"line":17,"column":27},"end":{"line":17,"column":65}},"8":{"start":{"line":18,"column":8},"end":{"line":18,"column":40}},"9":{"start":{"line":20,"column":8},"end":{"line":20,"column":74}},"10":{"start":{"line":21,"column":8},"end":{"line":21,"column":21}},"11":{"start":{"line":25,"column":4},"end":{"line":25,"column":17}},"12":{"start":{"line":32,"column":4},"end":{"line":35,"column":5}},"13":{"start":{"line":33,"column":6},"end":{"line":33,"column":49}},"14":{"start":{"line":34,"column":6},"end":{"line":34,"column":18}},"15":{"start":{"line":37,"column":4},"end":{"line":42,"column":5}},"16":{"start":{"line":38,"column":6},"end":{"line":41,"column":9}},"17":{"start":{"line":44,"column":4},"end":{"line":44,"column":16}},"18":{"start":{"line":55,"column":50},"end":{"line":59,"column":6}},"19":{"start":{"line":61,"column":17},"end":{"line":61,"column":48}},"20":{"start":{"line":63,"column":4},"end":{"line":67,"column":7}},"21":{"start":{"line":74,"column":4},"end":{"line":78,"column":7}},"22":{"start":{"line":85,"column":4},"end":{"line":88,"column":7}},"23":{"start":{"line":95,"column":4},"end":{"line":97,"column":5}},"24":{"start":{"line":96,"column":6},"end":{"line":96,"column":37}},"25":{"start":{"line":98,"column":4},"end":{"line":98,"column":16}},"26":{"start":{"line":105,"column":4},"end":{"line":105,"column":36}},"27":{"start":{"line":1,"column":0},"end":{"line":1,"column":13}}},"fnMap":{"0":{"name":"(anonymous_0)","decl":{"start":{"line":5,"column":2},"end":{"line":5,"column":8}},"loc":{"start":{"line":5,"column":32},"end":{"line":26,"column":3}}},"1":{"name":"(anonymous_1)","decl":{"start":{"line":31,"column":2},"end":{"line":31,"column":8}},"loc":{"start":{"line":31,"column":70},"end":{"line":45,"column":3}}},"2":{"name":"(anonymous_2)","decl":{"start":{"line":50,"column":2},"end":{"line":50,"column":8}},"loc":{"start":{"line":53,"column":50},"end":{"line":68,"column":3}}},"3":{"name":"(anonymous_3)","decl":{"start":{"line":73,"column":2},"end":{"line":73,"column":8}},"loc":{"start":{"line":73,"column":69},"end":{"line":79,"column":3}}},"4":{"name":"(anonymous_4)","decl":{"start":{"line":84,"column":2},"end":{"line":84,"column":8}},"loc":{"start":{"line":84,"column":49},"end":{"line":89,"column":3}}},"5":{"name":"(anonymous_5)","decl":{"start":{"line":94,"column":2},"end":{"line":94,"column":8}},"loc":{"start":{"line":94,"column":28},"end":{"line":99,"column":3}}},"6":{"name":"(anonymous_6)","decl":{"start":{"line":104,"column":2},"end":{"line":104,"column":8}},"loc":{"start":{"line":104,"column":20},"end":{"line":106,"column":3}}}},"branchMap":{"0":{"loc":{"start":{"line":6,"column":4},"end":{"line":9,"column":5}},"type":"if","locations":[{"start":{"line":6,"column":4},"end":{"line":9,"column":5}}]},"1":{"loc":{"start":{"line":11,"column":4},"end":{"line":13,"column":5}},"type":"if","locations":[{"start":{"line":11,"column":4},"end":{"line":13,"column":5}}]},"2":{"loc":{"start":{"line":15,"column":4},"end":{"line":23,"column":5}},"type":"if","locations":[{"start":{"line":15,"column":4},"end":{"line":23,"column":5}}]},"3":{"loc":{"start":{"line":32,"column":4},"end":{"line":35,"column":5}},"type":"if","locations":[{"start":{"line":32,"column":4},"end":{"line":35,"column":5}}]},"4":{"loc":{"start":{"line":37,"column":4},"end":{"line":42,"column":5}},"type":"if","locations":[{"start":{"line":37,"column":4},"end":{"line":42,"column":5}}]},"5":{"loc":{"start":{"line":53,"column":4},"end":{"line":53,"column":50}},"type":"default-arg","locations":[{"start":{"line":53,"column":42},"end":{"line":53,"column":50}}]},"6":{"loc":{"start":{"line":61,"column":17},"end":{"line":61,"column":48}},"type":"binary-expr","locations":[{"start":{"line":61,"column":17},"end":{"line":61,"column":40}},{"start":{"line":61,"column":44},"end":{"line":61,"column":48}}]},"7":{"loc":{"start":{"line":95,"column":4},"end":{"line":97,"column":5}},"type":"if","locations":[{"start":{"line":95,"column":4},"end":{"line":97,"column":5}}]}},"s":{"0":0,"1":0,"2":0,"3":0,"4":0,"5":0,"6":0,"7":0,"8":0,"9":0,"10":0,"11":0,"12":0,"13":0,"14":0,"15":0,"16":0,"17":0,"18":0,"19":0,"20":0,"21":0,"22":0,"23":0,"24":0,"25":0,"26":0,"27":1},"f":{"0":0,"1":0,"2":0,"3":0,"4":0,"5":0,"6":0},"b":{"0":[0],"1":[0],"2":[0],"3":[0],"4":[0],"5":[0],"6":[0,0],"7":[0]}}
,"C:\\Users\\Lenovo\\OneDrive\\Documents\\GitHub\\FSD_project\\frontend\\src\\services\\reminderManager.ts": {"path":"C:\\Users\\Lenovo\\OneDrive\\Documents\\GitHub\\FSD_project\\frontend\\src\\services\\reminderManager.ts","statementMap":{"0":{"start":{"line":2,"column":0},"end":{"line":2,"column":60}},"1":{"start":{"line":5,"column":10},"end":{"line":5,"column":null}},"2":{"start":{"line":6,"column":10},"end":{"line":13,"column":null}},"3":{"start":{"line":19,"column":4},"end":{"line":19,"column":30}},"4":{"start":{"line":19,"column":23},"end":{"line":19,"column":30}},"5":{"start":{"line":21,"column":20},"end":{"line":21,"column":42}},"6":{"start":{"line":22,"column":16},"end":{"line":22,"column":26}},"7":{"start":{"line":23,"column":25},"end":{"line":23,"column":84}},"8":{"start":{"line":25,"column":4},"end":{"line":29,"column":5}},"9":{"start":{"line":27,"column":6},"end":{"line":27,"column":30}},"10":{"start":{"line":28,"column":6},"end":{"line":28,"column":13}},"11":{"start":{"line":31,"column":30},"end":{"line":31,"column":68}},"12":{"start":{"line":33,"column":22},"end":{"line":35,"column":25}},"13":{"start":{"line":34,"column":6},"end":{"line":34,"column":30}},"14":{"start":{"line":37,"column":4},"end":{"line":37,"column":43}},"15":{"start":{"line":44,"column":20},"end":{"line":44,"column":43}},"16":{"start":{"line":45,"column":20},"end":{"line":50,"column":6}},"17":{"start":{"line":52,"column":4},"end":{"line":52,"column":89}},"18":{"start":{"line":59,"column":22},"end":{"line":59,"column":48}},"19":{"start":{"line":60,"column":4},"end":{"line":63,"column":5}},"20":{"start":{"line":61,"column":6},"end":{"line":61,"column":30}},"21":{"start":{"line":62,"column":6},"end":{"line":62,"column":36}},"22":{"start":{"line":70,"column":4},"end":{"line":72,"column":7}},"23":{"start":{"line":71,"column":6},"end":{"line":71,"column":30}},"24":{"start":{"line":73,"column":4},"end":{"line":73,"column":27}},"25":{"start":{"line":80,"column":4},"end":{"line":80,"column":30}},"26":{"start":{"line":90,"column":16},"end":{"line":90,"column":26}},"27":{"start":{"line":91,"column":16},"end":{"line":91,"column":33}},"28":{"start":{"line":92,"column":17},"end":{"line":92,"column":46}},"29":{"start":{"line":94,"column":4},"end":{"line":100,"column":5}},"30":{"start":{"line":95,"column":26},"end":{"line":95,"column":76}},"31":{"start":{"line":96,"column":6},"end":{"line":99,"column":8}},"32":{"start":{"line":102,"column":4},"end":{"line":109,"column":5}},"33":{"start":{"line":104,"column":22},"end":{"line":104,"column":52}},"34":{"start":{"line":105,"column":6},"end":{"line":108,"column":8}},"35":{"start":{"line":111,"column":4},"end":{"line":118,"column":5}},"36":{"start":{"line":113,"column":20},"end":{"line":113,"column":55}},"37":{"start":{"line":114,"column":6},"end":{"line":117,"column":8}},"38":{"start":{"line":120,"column":17},"end":{"line":120,"column":57}},"39":{"start":{"line":121,"column":4},"end":{"line":124,"column":6}},"40":{"start":{"line":131,"column":17},"end":{"line":131,"column":34}},"41":{"start":{"line":132,"column":4},"end":{"line":138,"column":7}},"42":{"start":{"line":145,"column":4},"end":{"line":154,"column":5}},"43":{"start":{"line":147,"column":8},"end":{"line":147,"column":18}},"44":{"start":{"line":149,"column":8},"end":{"line":149,"column":18}},"45":{"start":{"line":151,"column":8},"end":{"line":151,"column":17}},"46":{"start":{"line":153,"column":8},"end":{"line":153,"column":18}},"47":{"start":{"line":4,"column":0},"end":{"line":4,"column":13}},"48":{"start":{"line":158,"column":13},"end":{"line":158,"column":53}}},"fnMap":{"0":{"name":"(anonymous_0)","decl":{"start":{"line":4,"column":0},"end":{"line":4,"column":13}},"loc":{"start":{"line":4,"column":0},"end":{"line":156,"column":1}}},"1":{"name":"(anonymous_1)","decl":{"start":{"line":18,"column":2},"end":{"line":18,"column":15}},"loc":{"start":{"line":18,"column":70},"end":{"line":38,"column":3}}},"2":{"name":"(anonymous_2)","decl":{"start":{"line":33,"column":33},"end":{"line":33,"column":36}},"loc":{"start":{"line":33,"column":38},"end":{"line":35,"column":5}}},"3":{"name":"(anonymous_3)","decl":{"start":{"line":43,"column":10},"end":{"line":43,"column":22}},"loc":{"start":{"line":43,"column":41},"end":{"line":53,"column":3}}},"4":{"name":"(anonymous_4)","decl":{"start":{"line":58,"column":2},"end":{"line":58,"column":15}},"loc":{"start":{"line":58,"column":30},"end":{"line":64,"column":3}}},"5":{"name":"(anonymous_5)","decl":{"start":{"line":69,"column":2},"end":{"line":69,"column":19}},"loc":{"start":{"line":69,"column":19},"end":{"line":74,"column":3}}},"6":{"name":"(anonymous_6)","decl":{"start":{"line":70,"column":27},"end":{"line":70,"column":28}},"loc":{"start":{"line":70,"column":41},"end":{"line":72,"column":5}}},"7":{"name":"(anonymous_7)","decl":{"start":{"line":79,"column":2},"end":{"line":79,"column":24}},"loc":{"start":{"line":79,"column":24},"end":{"line":81,"column":3}}},"8":{"name":"(anonymous_8)","decl":{"start":{"line":86,"column":2},"end":{"line":86,"column":18}},"loc":{"start":{"line":86,"column":34},"end":{"line":125,"column":3}}},"9":{"name":"(anonymous_9)","decl":{"start":{"line":130,"column":2},"end":{"line":130,"column":15}},"loc":{"start":{"line":130,"column":31},"end":{"line":139,"column":3}}},"10":{"name":"(anonymous_10)","decl":{"start":{"line":144,"column":2},"end":{"line":144,"column":28}},"loc":{"start":{"line":144,"column":48},"end":{"line":155,"column":3}}}},"branchMap":{"0":{"loc":{"start":{"line":18,"column":36},"end":{"line":18,"column":70}},"type":"default-arg","locations":[{"start":{"line":18,"column":68},"end":{"line":18,"column":70}}]},"1":{"loc":{"start":{"line":19,"column":4},"end":{"line":19,"column":30}},"type":"if","locations":[{"start":{"line":19,"column":4},"end":{"line":19,"column":30}}]},"2":{"loc":{"start":{"line":25,"column":4},"end":{"line":29,"column":5}},"type":"if","locations":[{"start":{"line":25,"column":4},"end":{"line":29,"column":5}}]},"3":{"loc":{"start":{"line":52,"column":62},"end":{"line":52,"column":87}},"type":"binary-expr","locations":[{"start":{"line":52,"column":62},"end":{"line":52,"column":75}},{"start":{"line":52,"column":79},"end":{"line":52,"column":87}}]},"4":{"loc":{"start":{"line":60,"column":4},"end":{"line":63,"column":5}},"type":"if","locations":[{"start":{"line":60,"column":4},"end":{"line":63,"column":5}}]},"5":{"loc":{"start":{"line":94,"column":4},"end":{"line":100,"column":5}},"type":"if","locations":[{"start":{"line":94,"column":4},"end":{"line":100,"column":5}}]},"6":{"loc":{"start":{"line":102,"column":4},"end":{"line":109,"column":5}},"type":"if","locations":[{"start":{"line":102,"column":4},"end":{"line":109,"column":5}}]},"7":{"loc":{"start":{"line":111,"column":4},"end":{"line":118,"column":5}},"type":"if","locations":[{"start":{"line":111,"column":4},"end":{"line":118,"column":5}}]},"8":{"loc":{"start":{"line":145,"column":4},"end":{"line":154,"column":5}},"type":"switch","locations":[{"start":{"line":146,"column":6},"end":{"line":147,"column":18}},{"start":{"line":148,"column":6},"end":{"line":149,"column":18}},{"start":{"line":150,"column":6},"end":{"line":151,"column":17}},{"start":{"line":152,"column":6},"end":{"line":153,"column":18}}]}},"s":{"0":1,"1":1,"2":1,"3":1,"4":0,"5":1,"6":1,"7":1,"8":1,"9":0,"10":0,"11":1,"12":1,"13":1,"14":1,"15":1,"16":1,"17":1,"18":0,"19":0,"20":0,"21":0,"22":4,"23":1,"24":4,"25":0,"26":0,"27":0,"28":0,"29":0,"30":0,"31":0,"32":0,"33":0,"34":0,"35":0,"36":0,"37":0,"38":0,"39":0,"40":0,"41":0,"42":4,"43":1,"44":1,"45":1,"46":1,"47":1,"48":1},"f":{"0":1,"1":1,"2":1,"3":1,"4":0,"5":4,"6":1,"7":0,"8":0,"9":0,"10":4},"b":{"0":[0],"1":[0],"2":[0],"3":[1,0],"4":[0],"5":[0],"6":[0],"7":[0],"8":[1,1,1,1]}}
,"C:\\Users\\Lenovo\\OneDrive\\Documents\\GitHub\\FSD_project\\frontend\\src\\services\\todoQuery.ts": {"path":"C:\\Users\\Lenovo\\OneDrive\\Documents\\GitHub\\FSD_project\\frontend\\src\\services\\todoQuery.ts","statementMap":{"0":{"start":{"line":3,"column":29},"end":{"line":27,"column":1}},"1":{"start":{"line":7,"column":17},"end":{"line":7,"column":38}},"2":{"start":{"line":9,"column":2},"end":{"line":11,"column":3}},"3":{"start":{"line":10,"column":4},"end":{"line":10,"column":48}},"4":{"start":{"line":13,"column":2},"end":{"line":15,"column":3}},"5":{"start":{"line":14,"column":4},"end":{"line":14,"column":41}},"6":{"start":{"line":17,"column":2},"end":{"line":19,"column":3}},"7":{"start":{"line":18,"column":4},"end":{"line":18,"column":45}},"8":{"start":{"line":21,"column":2},"end":{"line":23,"column":3}},"9":{"start":{"line":22,"column":4},"end":{"line":22,"column":35}},"10":{"start":{"line":25,"column":16},"end":{"line":25,"column":33}},"11":{"start":{"line":26,"column":2},"end":{"line":26,"column":58}},"12":{"start":{"line":3,"column":13},"end":{"line":3,"column":29}}},"fnMap":{"0":{"name":"(anonymous_0)","decl":{"start":{"line":3,"column":29},"end":{"line":3,"column":null}},"loc":{"start":{"line":6,"column":12},"end":{"line":27,"column":1}}}},"branchMap":{"0":{"loc":{"start":{"line":9,"column":2},"end":{"line":11,"column":3}},"type":"if","locations":[{"start":{"line":9,"column":2},"end":{"line":11,"column":3}}]},"1":{"loc":{"start":{"line":13,"column":2},"end":{"line":15,"column":3}},"type":"if","locations":[{"start":{"line":13,"column":2},"end":{"line":15,"column":3}}]},"2":{"loc":{"start":{"line":13,"column":6},"end":{"line":13,"column":49}},"type":"binary-expr","locations":[{"start":{"line":13,"column":6},"end":{"line":13,"column":21}},{"start":{"line":13,"column":25},"end":{"line":13,"column":49}}]},"3":{"loc":{"start":{"line":17,"column":2},"end":{"line":19,"column":3}},"type":"if","locations":[{"start":{"line":17,"column":2},"end":{"line":19,"column":3}}]},"4":{"loc":{"start":{"line":17,"column":6},"end":{"line":17,"column":53}},"type":"binary-expr","locations":[{"start":{"line":17,"column":6},"end":{"line":17,"column":23}},{"start":{"line":17,"column":27},"end":{"line":17,"column":53}}]},"5":{"loc":{"start":{"line":21,"column":2},"end":{"line":23,"column":3}},"type":"if","locations":[{"start":{"line":21,"column":2},"end":{"line":23,"column":3}}]},"6":{"loc":{"start":{"line":21,"column":6},"end":{"line":21,"column":43}},"type":"binary-expr","locations":[{"start":{"line":21,"column":6},"end":{"line":21,"column":18}},{"start":{"line":21,"column":22},"end":{"line":21,"column":43}}]},"7":{"loc":{"start":{"line":26,"column":31},"end":{"line":26,"column":55}},"type":"cond-expr","locations":[{"start":{"line":26,"column":39},"end":{"line":26,"column":50}},{"start":{"line":26,"column":53},"end":{"line":26,"column":55}}]}},"s":{"0":1,"1":2,"2":2,"3":1,"4":2,"5":1,"6":2,"7":1,"8":2,"9":1,"10":2,"11":2,"12":1},"f":{"0":2},"b":{"0":[1],"1":[1],"2":[2,2],"3":[1],"4":[2,2],"5":[1],"6":[2,2],"7":[1,1]}}
,"C:\\Users\\Lenovo\\OneDrive\\Documents\\GitHub\\FSD_project\\frontend\\src\\services\\todoService.ts": {"path":"C:\\Users\\Lenovo\\OneDrive\\Documents\\GitHub\\FSD_project\\frontend\\src\\services\\todoService.ts","statementMap":{"0":{"start":{"line":2,"column":0},"end":{"line":2,"column":44}},"1":{"start":{"line":4,"column":21},"end":{"line":4,"column":85}},"2":{"start":{"line":6,"column":26},"end":{"line":13,"column":1}},"3":{"start":{"line":7,"column":19},"end":{"line":7,"column":68}},"4":{"start":{"line":8,"column":2},"end":{"line":10,"column":3}},"5":{"start":{"line":9,"column":4},"end":{"line":9,"column":45}},"6":{"start":{"line":11,"column":15},"end":{"line":11,"column":36}},"7":{"start":{"line":12,"column":2},"end":{"line":12,"column":26}},"8":{"start":{"line":6,"column":13},"end":{"line":6,"column":26}},"9":{"start":{"line":15,"column":25},"end":{"line":21,"column":1}},"10":{"start":{"line":16,"column":19},"end":{"line":16,"column":61}},"11":{"start":{"line":17,"column":2},"end":{"line":19,"column":3}},"12":{"start":{"line":18,"column":4},"end":{"line":18,"column":44}},"13":{"start":{"line":20,"column":2},"end":{"line":20,"column":25}},"14":{"start":{"line":15,"column":13},"end":{"line":15,"column":25}},"15":{"start":{"line":23,"column":26},"end":{"line":41,"column":1}},"16":{"start":{"line":30,"column":19},"end":{"line":36,"column":4}},"17":{"start":{"line":37,"column":2},"end":{"line":39,"column":3}},"18":{"start":{"line":38,"column":4},"end":{"line":38,"column":45}},"19":{"start":{"line":40,"column":2},"end":{"line":40,"column":25}},"20":{"start":{"line":23,"column":13},"end":{"line":23,"column":26}},"21":{"start":{"line":43,"column":26},"end":{"line":55,"column":1}},"22":{"start":{"line":44,"column":19},"end":{"line":50,"column":4}},"23":{"start":{"line":51,"column":2},"end":{"line":53,"column":3}},"24":{"start":{"line":52,"column":4},"end":{"line":52,"column":45}},"25":{"start":{"line":54,"column":2},"end":{"line":54,"column":25}},"26":{"start":{"line":43,"column":13},"end":{"line":43,"column":26}},"27":{"start":{"line":57,"column":26},"end":{"line":64,"column":1}},"28":{"start":{"line":58,"column":19},"end":{"line":60,"column":4}},"29":{"start":{"line":61,"column":2},"end":{"line":63,"column":3}},"30":{"start":{"line":62,"column":4},"end":{"line":62,"column":45}},"31":{"start":{"line":57,"column":13},"end":{"line":57,"column":26}},"32":{"start":{"line":66,"column":34},"end":{"line":72,"column":1}},"33":{"start":{"line":67,"column":19},"end":{"line":67,"column":83}},"34":{"start":{"line":68,"column":2},"end":{"line":70,"column":3}},"35":{"start":{"line":69,"column":4},"end":{"line":69,"column":57}},"36":{"start":{"line":71,"column":2},"end":{"line":71,"column":25}},"37":{"start":{"line":66,"column":13},"end":{"line":66,"column":34}}},"fnMap":{"0":{"name":"(anonymous_0)","decl":{"start":{"line":6,"column":26},"end":{"line":6,"column":31}},"loc":{"start":{"line":6,"column":89},"end":{"line":13,"column":1}}},"1":{"name":"(anonymous_1)","decl":{"start":{"line":15,"column":25},"end":{"line":15,"column":30}},"loc":{"start":{"line":15,"column":61},"end":{"line":21,"column":1}}},"2":{"name":"(anonymous_2)","decl":{"start":{"line":23,"column":26},"end":{"line":23,"column":31}},"loc":{"start":{"line":29,"column":19},"end":{"line":41,"column":1}}},"3":{"name":"(anonymous_3)","decl":{"start":{"line":43,"column":26},"end":{"line":43,"column":31}},"loc":{"start":{"line":43,"column":86},"end":{"line":55,"column":1}}},"4":{"name":"(anonymous_4)","decl":{"start":{"line":57,"column":26},"end":{"line":57,"column":31}},"loc":{"start":{"line":57,"column":62},"end":{"line":64,"column":1}}},"5":{"name":"(anonymous_5)","decl":{"start":{"line":66,"column":34},"end":{"line":66,"column":39}},"loc":{"start":{"line":66,"column":78},"end":{"line":72,"column":1}}}},"branchMap":{"0":{"loc":{"start":{"line":4,"column":21},"end":{"line":4,"column":85}},"type":"binary-expr","locations":[{"start":{"line":4,"column":21},"end":{"line":4,"column":54}},{"start":{"line":4,"column":58},"end":{"line":4,"column":85}}]},"1":{"loc":{"start":{"line":8,"column":2},"end":{"line":10,"column":3}},"type":"if","locations":[{"start":{"line":8,"column":2},"end":{"line":10,"column":3}}]},"2":{"loc":{"start":{"line":12,"column":9},"end":{"line":12,"column":25}},"type":"binary-expr","locations":[{"start":{"line":12,"column":9},"end":{"line":12,"column":19}},{"start":{"line":12,"column":23},"end":{"line":12,"column":25}}]},"3":{"loc":{"start":{"line":17,"column":2},"end":{"line":19,"column":3}},"type":"if","locations":[{"start":{"line":17,"column":2},"end":{"line":19,"column":3}}]},"4":{"loc":{"start":{"line":37,"column":2},"end":{"line":39,"column":3}},"type":"if","locations":[{"start":{"line":37,"column":2},"end":{"line":39,"column":3}}]},"5":{"loc":{"start":{"line":51,"column":2},"end":{"line":53,"column":3}},"type":"if","locations":[{"start":{"line":51,"column":2},"end":{"line":53,"column":3}}]},"6":{"loc":{"start":{"line":61,"column":2},"end":{"line":63,"column":3}},"type":"if","locations":[{"start":{"line":61,"column":2},"end":{"line":63,"column":3}}]},"7":{"loc":{"start":{"line":68,"column":2},"end":{"line":70,"column":3}},"type":"if","locations":[{"start":{"line":68,"column":2},"end":{"line":70,"column":3}}]}},"s":{"0":0,"1":0,"2":0,"3":0,"4":0,"5":0,"6":0,"7":0,"8":0,"9":0,"10":0,"11":0,"12":0,"13":0,"14":0,"15":0,"16":0,"17":0,"18":0,"19":0,"20":0,"21":0,"22":0,"23":0,"24":0,"25":0,"26":0,"27":0,"28":0,"29":0,"30":0,"31":0,"32":0,"33":0,"34":0,"35":0,"36":0,"37":0},"f":{"0":0,"1":0,"2":0,"3":0,"4":0,"5":0},"b":{"0":[0,0],"1":[0],"2":[0,0],"3":[0],"4":[0],"5":[0],"6":[0],"7":[0]}}
,"C:\\Users\\Lenovo\\OneDrive\\Documents\\GitHub\\FSD_project\\frontend\\src\\services\\voiceService.ts": {"path":"C:\\Users\\Lenovo\\OneDrive\\Documents\\GitHub\\FSD_project\\frontend\\src\\services\\voiceService.ts","statementMap":{"0":{"start":{"line":43,"column":32},"end":{"line":43,"column":69}},"1":{"start":{"line":45,"column":2},"end":{"line":45,"column":94}},"2":{"start":{"line":48,"column":10},"end":{"line":48,"column":null}},"3":{"start":{"line":49,"column":10},"end":{"line":49,"column":null}},"4":{"start":{"line":50,"column":10},"end":{"line":50,"column":null}},"5":{"start":{"line":53,"column":4},"end":{"line":56,"column":5}},"6":{"start":{"line":54,"column":6},"end":{"line":54,"column":75}},"7":{"start":{"line":55,"column":6},"end":{"line":55,"column":13}},"8":{"start":{"line":58,"column":4},"end":{"line":58,"column":47}},"9":{"start":{"line":59,"column":4},"end":{"line":59,"column":28}},"10":{"start":{"line":63,"column":4},"end":{"line":63,"column":34}},"11":{"start":{"line":63,"column":27},"end":{"line":63,"column":34}},"12":{"start":{"line":65,"column":4},"end":{"line":65,"column":40}},"13":{"start":{"line":66,"column":4},"end":{"line":66,"column":43}},"14":{"start":{"line":67,"column":4},"end":{"line":67,"column":40}},"15":{"start":{"line":74,"column":4},"end":{"line":77,"column":5}},"16":{"start":{"line":75,"column":6},"end":{"line":75,"column":50}},"17":{"start":{"line":76,"column":6},"end":{"line":76,"column":13}},"18":{"start":{"line":79,"column":4},"end":{"line":79,"column":25}},"19":{"start":{"line":80,"column":4},"end":{"line":80,"column":28}},"20":{"start":{"line":82,"column":4},"end":{"line":84,"column":6}},"21":{"start":{"line":83,"column":6},"end":{"line":83,"column":39}},"22":{"start":{"line":86,"column":4},"end":{"line":100,"column":6}},"23":{"start":{"line":87,"column":20},"end":{"line":87,"column":22}},"24":{"start":{"line":89,"column":6},"end":{"line":97,"column":7}},"25":{"start":{"line":89,"column":19},"end":{"line":89,"column":36}},"26":{"start":{"line":90,"column":27},"end":{"line":90,"column":57}},"27":{"start":{"line":92,"column":8},"end":{"line":96,"column":9}},"28":{"start":{"line":93,"column":10},"end":{"line":93,"column":46}},"29":{"start":{"line":95,"column":10},"end":{"line":95,"column":32}},"30":{"start":{"line":99,"column":6},"end":{"line":99,"column":91}},"31":{"start":{"line":102,"column":4},"end":{"line":104,"column":6}},"32":{"start":{"line":103,"column":6},"end":{"line":103,"column":27}},"33":{"start":{"line":106,"column":4},"end":{"line":109,"column":6}},"34":{"start":{"line":107,"column":6},"end":{"line":107,"column":31}},"35":{"start":{"line":108,"column":6},"end":{"line":108,"column":27}},"36":{"start":{"line":111,"column":4},"end":{"line":115,"column":5}},"37":{"start":{"line":112,"column":6},"end":{"line":112,"column":31}},"38":{"start":{"line":114,"column":6},"end":{"line":114,"column":58}},"39":{"start":{"line":119,"column":4},"end":{"line":122,"column":5}},"40":{"start":{"line":120,"column":6},"end":{"line":120,"column":30}},"41":{"start":{"line":121,"column":6},"end":{"line":121,"column":31}},"42":{"start":{"line":126,"column":4},"end":{"line":126,"column":31}},"43":{"start":{"line":130,"column":4},"end":{"line":147,"column":7}},"44":{"start":{"line":131,"column":6},"end":{"line":134,"column":7}},"45":{"start":{"line":132,"column":8},"end":{"line":132,"column":49}},"46":{"start":{"line":133,"column":8},"end":{"line":133,"column":15}},"47":{"start":{"line":136,"column":6},"end":{"line":136,"column":38}},"48":{"start":{"line":138,"column":24},"end":{"line":138,"column":58}},"49":{"start":{"line":139,"column":6},"end":{"line":139,"column":28}},"50":{"start":{"line":140,"column":6},"end":{"line":140,"column":26}},"51":{"start":{"line":141,"column":6},"end":{"line":141,"column":27}},"52":{"start":{"line":143,"column":6},"end":{"line":143,"column":40}},"53":{"start":{"line":143,"column":30},"end":{"line":143,"column":39}},"54":{"start":{"line":144,"column":6},"end":{"line":144,"column":51}},"55":{"start":{"line":144,"column":37},"end":{"line":144,"column":50}},"56":{"start":{"line":146,"column":6},"end":{"line":146,"column":46}},"57":{"start":{"line":151,"column":4},"end":{"line":151,"column":27}},"58":{"start":{"line":155,"column":4},"end":{"line":155,"column":25}},"59":{"start":{"line":47,"column":0},"end":{"line":47,"column":13}}},"fnMap":{"0":{"name":"(anonymous_0)","decl":{"start":{"line":52,"column":2},"end":{"line":52,"column":null}},"loc":{"start":{"line":52,"column":2},"end":{"line":60,"column":3}}},"1":{"name":"(anonymous_1)","decl":{"start":{"line":62,"column":10},"end":{"line":62,"column":26}},"loc":{"start":{"line":62,"column":26},"end":{"line":68,"column":3}}},"2":{"name":"(anonymous_2)","decl":{"start":{"line":70,"column":2},"end":{"line":70,"column":16}},"loc":{"start":{"line":72,"column":36},"end":{"line":116,"column":3}}},"3":{"name":"(anonymous_3)","decl":{"start":{"line":82,"column":31},"end":{"line":82,"column":34}},"loc":{"start":{"line":82,"column":36},"end":{"line":84,"column":5}}},"4":{"name":"(anonymous_4)","decl":{"start":{"line":86,"column":32},"end":{"line":86,"column":33}},"loc":{"start":{"line":86,"column":66},"end":{"line":100,"column":5}}},"5":{"name":"(anonymous_5)","decl":{"start":{"line":102,"column":31},"end":{"line":102,"column":32}},"loc":{"start":{"line":102,"column":70},"end":{"line":104,"column":5}}},"6":{"name":"(anonymous_6)","decl":{"start":{"line":106,"column":29},"end":{"line":106,"column":32}},"loc":{"start":{"line":106,"column":34},"end":{"line":109,"column":5}}},"7":{"name":"(anonymous_7)","decl":{"start":{"line":118,"column":2},"end":{"line":118,"column":15}},"loc":{"start":{"line":118,"column":15},"end":{"line":123,"column":3}}},"8":{"name":"(anonymous_8)","decl":{"start":{"line":125,"column":2},"end":{"line":125,"column":13}},"loc":{"start":{"line":125,"column":13},"end":{"line":127,"column":3}}},"9":{"name":"(anonymous_9)","decl":{"start":{"line":129,"column":2},"end":{"line":129,"column":7}},"loc":{"start":{"line":129,"column":38},"end":{"line":148,"column":3}}},"10":{"name":"(anonymous_10)","decl":{"start":{"line":130,"column":23},"end":{"line":130,"column":24}},"loc":{"start":{"line":130,"column":43},"end":{"line":147,"column":5}}},"11":{"name":"(anonymous_11)","decl":{"start":{"line":143,"column":24},"end":{"line":143,"column":27}},"loc":{"start":{"line":143,"column":30},"end":{"line":143,"column":39}}},"12":{"name":"(anonymous_12)","decl":{"start":{"line":144,"column":26},"end":{"line":144,"column":27}},"loc":{"start":{"line":144,"column":37},"end":{"line":144,"column":50}}},"13":{"name":"(anonymous_13)","decl":{"start":{"line":150,"column":2},"end":{"line":150,"column":15}},"loc":{"start":{"line":150,"column":15},"end":{"line":152,"column":3}}},"14":{"name":"(anonymous_14)","decl":{"start":{"line":154,"column":2},"end":{"line":154,"column":17}},"loc":{"start":{"line":154,"column":17},"end":{"line":156,"column":3}}}},"branchMap":{"0":{"loc":{"start":{"line":45,"column":2},"end":{"line":45,"column":94}},"type":"binary-expr","locations":[{"start":{"line":45,"column":2},"end":{"line":45,"column":43}},{"start":{"line":45,"column":47},"end":{"line":45,"column":94}}]},"1":{"loc":{"start":{"line":53,"column":4},"end":{"line":56,"column":5}},"type":"if","locations":[{"start":{"line":53,"column":4},"end":{"line":56,"column":5}}]},"2":{"loc":{"start":{"line":63,"column":4},"end":{"line":63,"column":34}},"type":"if","locations":[{"start":{"line":63,"column":4},"end":{"line":63,"column":34}}]},"3":{"loc":{"start":{"line":74,"column":4},"end":{"line":77,"column":5}},"type":"if","locations":[{"start":{"line":74,"column":4},"end":{"line":77,"column":5}}]},"4":{"loc":{"start":{"line":92,"column":8},"end":{"line":96,"column":9}},"type":"if","locations":[{"start":{"line":92,"column":8},"end":{"line":96,"column":9}},{"start":{"line":94,"column":15},"end":{"line":96,"column":9}}]},"5":{"loc":{"start":{"line":119,"column":4},"end":{"line":122,"column":5}},"type":"if","locations":[{"start":{"line":119,"column":4},"end":{"line":122,"column":5}}]},"6":{"loc":{"start":{"line":119,"column":8},"end":{"line":119,"column":44}},"type":"binary-expr","locations":[{"start":{"line":119,"column":8},"end":{"line":119,"column":24}},{"start":{"line":119,"column":28},"end":{"line":119,"column":44}}]},"7":{"loc":{"start":{"line":129,"column":22},"end":{"line":129,"column":38}},"type":"default-arg","locations":[{"start":{"line":129,"column":37},"end":{"line":129,"column":38}}]},"8":{"loc":{"start":{"line":131,"column":6},"end":{"line":134,"column":7}},"type":"if","locations":[{"start":{"line":131,"column":6},"end":{"line":134,"column":7}}]}},"s":{"0":0,"1":0,"2":0,"3":0,"4":0,"5":0,"6":0,"7":0,"8":0,"9":0,"10":0,"11":0,"12":0,"13":0,"14":0,"15":0,"16":0,"17":0,"18":0,"19":0,"20":0,"21":0,"22":0,"23":0,"24":0,"25":0,"26":0,"27":0,"28":0,"29":0,"30":0,"31":0,"32":0,"33":0,"34":0,"35":0,"36":0,"37":0,"38":0,"39":0,"40":0,"41":0,"42":0,"43":0,"44":0,"45":0,"46":0,"47":0,"48":0,"49":0,"50":0,"51":0,"52":0,"53":0,"54":0,"55":0,"56":0,"57":0,"58":0,"59":0},"f":{"0":0,"1":0,"2":0,"3":0,"4":0,"5":0,"6":0,"7":0,"8":0,"9":0,"10":0,"11":0,"12":0,"13":0,"14":0},"b":{"0":[0,0],"1":[0],"2":[0],"3":[0],"4":[0,0],"5":[0],"6":[0,0],"7":[0],"8":[0]}}
,"C:\\Users\\Lenovo\\OneDrive\\Documents\\GitHub\\FSD_project\\frontend\\src\\test\\styleMock.ts": {"path":"C:\\Users\\Lenovo\\OneDrive\\Documents\\GitHub\\FSD_project\\frontend\\src\\test\\styleMock.ts","statementMap":{"0":{"start":{"line":1,"column":18},"end":{"line":1,"column":20}},"1":{"start":{"line":3,"column":0},"end":{"line":3,"column":25}}},"fnMap":{},"branchMap":{},"s":{"0":1,"1":1},"f":{},"b":{}}
}
