TN:
SF:src\App.tsx
FN:4,App
FNF:1
FNH:0
FNDA:0,App
DA:1,0
DA:2,0
DA:5,0
DA:12,0
LF:4
LH:0
BRF:0
BRH:0
end_of_record
TN:
SF:src\components\DateTimePicker.tsx
FN:9,(anonymous_0)
FN:13,(anonymous_1)
FN:18,(anonymous_2)
FN:24,(anonymous_3)
FN:37,(anonymous_4)
FN:47,(anonymous_5)
FN:60,(anonymous_6)
FN:70,(anonymous_7)
FN:79,(anonymous_8)
FN:91,(anonymous_9)
FN:102,(anonymous_10)
FN:125,(anonymous_11)
FNF:12
FNH:0
FNDA:0,(anonymous_0)
FNDA:0,(anonymous_1)
FNDA:0,(anonymous_2)
FNDA:0,(anonymous_3)
FNDA:0,(anonymous_4)
FNDA:0,(anonymous_5)
FNDA:0,(anonymous_6)
FNDA:0,(anonymous_7)
FNDA:0,(anonymous_8)
FNDA:0,(anonymous_9)
FNDA:0,(anonymous_10)
FNDA:0,(anonymous_11)
DA:1,0
DA:2,0
DA:9,0
DA:10,0
DA:11,0
DA:13,0
DA:14,0
DA:15,0
DA:18,0
DA:19,0
DA:20,0
DA:21,0
DA:24,0
DA:25,0
DA:27,0
DA:28,0
DA:37,0
DA:38,0
DA:39,0
DA:42,0
DA:47,0
DA:60,0
DA:70,0
DA:80,0
DA:81,0
DA:82,0
DA:83,0
DA:92,0
DA:93,0
DA:94,0
DA:103,0
DA:104,0
DA:105,0
DA:106,0
DA:125,0
LF:35
LH:0
BRDA:11,0,0,0
BRDA:11,0,1,0
BRDA:15,1,0,0
BRDA:15,1,1,0
BRDA:25,2,0,0
BRDA:46,3,0,0
BRDA:46,3,1,0
BRDA:53,4,0,0
BRDA:53,4,1,0
BRF:9
BRH:0
end_of_record
TN:
SF:src\components\PrioritySelector.tsx
FN:10,(anonymous_0)
FN:21,(anonymous_1)
FN:26,(anonymous_2)
FNF:3
FNH:0
FNDA:0,(anonymous_0)
FNDA:0,(anonymous_1)
FNDA:0,(anonymous_2)
DA:3,0
DA:10,0
DA:11,0
DA:17,0
DA:22,0
DA:26,0
LF:6
LH:0
BRDA:25,0,0,0
BRDA:25,0,1,0
BRDA:28,1,0,0
BRDA:28,1,1,0
BRDA:30,2,0,0
BRDA:30,2,1,0
BRF:6
BRH:0
end_of_record
TN:
SF:src\components\TimeDisplay.tsx
FN:4,(anonymous_0)
FN:7,(anonymous_1)
FN:8,(anonymous_2)
FN:24,(anonymous_3)
FNF:4
FNH:0
FNDA:0,(anonymous_0)
FNDA:0,(anonymous_1)
FNDA:0,(anonymous_2)
FNDA:0,(anonymous_3)
DA:1,0
DA:2,0
DA:4,0
DA:5,0
DA:7,0
DA:8,0
DA:9,0
DA:10,0
DA:19,0
DA:22,0
DA:23,0
DA:24,0
DA:27,0
LF:13
LH:0
BRF:0
BRH:0
end_of_record
TN:
SF:src\components\TodoStats.tsx
FN:29,(anonymous_0)
FN:35,(anonymous_1)
FN:36,(anonymous_2)
FN:64,(anonymous_3)
FNF:4
FNH:0
FNDA:0,(anonymous_0)
FNDA:0,(anonymous_1)
FNDA:0,(anonymous_2)
FNDA:0,(anonymous_3)
DA:1,0
DA:2,0
DA:12,0
DA:29,0
DA:30,0
DA:31,0
DA:32,0
DA:33,0
DA:35,0
DA:36,0
DA:37,0
DA:38,0
DA:39,0
DA:44,0
DA:45,0
DA:46,0
DA:49,0
DA:50,0
DA:51,0
DA:54,0
DA:56,0
DA:58,0
DA:62,0
DA:63,0
DA:64,0
DA:67,0
DA:68,0
DA:71,0
DA:72,0
DA:75,0
LF:30
LH:0
BRDA:44,0,0,0
BRDA:49,1,0,0
BRDA:56,2,0,0
BRDA:56,2,1,0
BRDA:67,3,0,0
BRDA:67,4,0,0
BRDA:67,4,1,0
BRDA:71,5,0,0
BRDA:78,6,0,0
BRDA:78,6,1,0
BRDA:110,7,0,0
BRDA:110,7,1,0
BRF:12
BRH:0
end_of_record
TN:
SF:src\components\todos\TodoFilters.tsx
FN:11,(anonymous_0)
FN:13,(anonymous_1)
FN:14,(anonymous_2)
FNF:3
FNH:0
FNDA:0,(anonymous_0)
FNDA:0,(anonymous_1)
FNDA:0,(anonymous_2)
DA:3,0
DA:11,0
DA:13,0
DA:14,0
DA:15,0
DA:22,0
DA:27,0
LF:7
LH:0
BRDA:22,0,0,0
BRDA:22,0,1,0
BRDA:22,0,2,0
BRDA:22,0,3,0
BRDA:82,1,0,0
BRDA:82,1,1,0
BRF:6
BRH:0
end_of_record
TN:
SF:src\components\todos\TodoForm.tsx
FN:12,(anonymous_0)
FN:18,(anonymous_1)
FN:42,(anonymous_2)
FNF:3
FNH:3
FNDA:8,(anonymous_0)
FNDA:2,(anonymous_1)
FNDA:2,(anonymous_2)
DA:1,1
DA:3,1
DA:4,1
DA:5,1
DA:12,1
DA:13,8
DA:14,8
DA:15,8
DA:16,8
DA:18,8
DA:19,2
DA:20,2
DA:22,1
DA:23,1
DA:24,1
DA:28,1
DA:29,1
DA:30,1
DA:32,1
DA:36,8
DA:42,2
LF:21
LH:21
BRDA:12,0,0,8
BRDA:20,1,0,1
BRDA:45,2,0,8
BRDA:45,2,1,8
BRDA:48,3,0,8
BRDA:48,3,1,8
BRDA:49,4,0,1
BRDA:49,4,1,7
BRDA:58,5,0,8
BRDA:58,5,1,6
BRDA:58,5,2,3
BRDA:60,6,0,3
BRDA:60,6,1,2
BRDA:61,7,0,3
BRDA:61,7,1,3
BRF:15
BRH:15
end_of_record
TN:
SF:src\components\todos\TodoItem.tsx
FN:18,(anonymous_0)
FN:29,(anonymous_1)
FN:33,(anonymous_2)
FN:40,(anonymous_3)
FN:53,(anonymous_4)
FN:66,(anonymous_5)
FN:79,(anonymous_6)
FN:116,(anonymous_7)
FNF:8
FNH:0
FNDA:0,(anonymous_0)
FNDA:0,(anonymous_1)
FNDA:0,(anonymous_2)
FNDA:0,(anonymous_3)
FNDA:0,(anonymous_4)
FNDA:0,(anonymous_5)
FNDA:0,(anonymous_6)
FNDA:0,(anonymous_7)
DA:1,0
DA:3,0
DA:4,0
DA:18,0
DA:29,0
DA:30,0
DA:31,0
DA:33,0
DA:34,0
DA:35,0
DA:40,0
DA:41,0
DA:43,0
DA:45,0
DA:47,0
DA:49,0
DA:53,0
DA:54,0
DA:63,0
DA:66,0
DA:67,0
DA:68,0
DA:69,0
DA:72,0
DA:74,0
DA:79,0
DA:116,0
LF:27
LH:0
BRDA:30,0,0,0
BRDA:30,1,0,0
BRDA:30,1,1,0
BRDA:34,2,0,0
BRDA:34,3,0,0
BRDA:34,3,1,0
BRDA:41,4,0,0
BRDA:41,4,1,0
BRDA:41,4,2,0
BRDA:41,4,3,0
BRDA:63,5,0,0
BRDA:63,5,1,0
BRDA:67,6,0,0
BRDA:75,7,0,0
BRDA:75,7,1,0
BRDA:86,8,0,0
BRDA:86,8,1,0
BRDA:95,9,0,0
BRDA:95,9,1,0
BRDA:100,10,0,0
BRDA:100,10,1,0
BRDA:102,11,0,0
BRDA:102,11,1,0
BRDA:105,12,0,0
BRDA:105,12,1,0
BRF:25
BRH:0
end_of_record
TN:
SF:src\components\todos\TodoList.tsx
FN:14,(anonymous_0)
FN:31,(anonymous_1)
FNF:2
FNH:0
FNDA:0,(anonymous_0)
FNDA:0,(anonymous_1)
DA:2,0
DA:4,0
DA:14,0
DA:21,0
DA:22,0
DA:25,0
DA:26,0
DA:29,0
DA:32,0
LF:9
LH:0
BRDA:18,0,0,0
BRDA:19,1,0,0
BRDA:21,2,0,0
BRDA:25,3,0,0
BRF:4
BRH:0
end_of_record
TN:
SF:src\hooks\useTodos.ts
FN:5,(anonymous_0)
FN:10,(anonymous_1)
FN:11,(anonymous_2)
FN:27,(anonymous_3)
FN:41,(anonymous_4)
FN:57,(anonymous_5)
FN:58,(anonymous_6)
FN:70,(anonymous_7)
FNF:8
FNH:0
FNDA:0,(anonymous_0)
FNDA:0,(anonymous_1)
FNDA:0,(anonymous_2)
FNDA:0,(anonymous_3)
FNDA:0,(anonymous_4)
FNDA:0,(anonymous_5)
FNDA:0,(anonymous_6)
FNDA:0,(anonymous_7)
DA:1,0
DA:3,0
DA:5,0
DA:6,0
DA:7,0
DA:8,0
DA:10,0
DA:11,0
DA:12,0
DA:13,0
DA:14,0
DA:15,0
DA:16,0
DA:18,0
DA:20,0
DA:24,0
DA:27,0
DA:28,0
DA:29,0
DA:30,0
DA:31,0
DA:32,0
DA:34,0
DA:35,0
DA:37,0
DA:41,0
DA:42,0
DA:43,0
DA:50,0
DA:52,0
DA:53,0
DA:57,0
DA:58,0
DA:59,0
DA:61,0
DA:62,0
DA:63,0
DA:65,0
DA:66,0
DA:70,0
DA:71,0
DA:72,0
DA:73,0
DA:75,0
DA:76,0
DA:80,0
LF:46
LH:0
BRDA:18,0,0,0
BRDA:18,0,1,0
BRDA:34,1,0,0
BRDA:34,1,1,0
BRDA:52,2,0,0
BRDA:52,2,1,0
BRDA:59,3,0,0
BRDA:65,4,0,0
BRDA:65,4,1,0
BRDA:75,5,0,0
BRDA:75,5,1,0
BRF:11
BRH:0
end_of_record
TN:
SF:src\pages\TodosPage.tsx
FN:11,(anonymous_0)
FN:20,(anonymous_1)
FN:46,(anonymous_2)
FNF:3
FNH:0
FNDA:0,(anonymous_0)
FNDA:0,(anonymous_1)
FNDA:0,(anonymous_2)
DA:1,0
DA:3,0
DA:4,0
DA:5,0
DA:6,0
DA:7,0
DA:8,0
DA:9,0
DA:11,0
DA:12,0
DA:18,0
DA:20,0
DA:21,0
DA:25,0
DA:30,0
DA:31,0
DA:38,0
DA:47,0
LF:18
LH:0
BRDA:25,0,0,0
BRDA:25,0,1,0
BRDA:25,0,2,0
BRDA:25,0,3,0
BRDA:30,1,0,0
BRDA:30,2,0,0
BRDA:30,2,1,0
BRDA:61,3,0,0
BRDA:61,3,1,0
BRF:9
BRH:0
end_of_record
TN:
SF:src\services\notificationService.ts
FN:5,(anonymous_0)
FN:31,(anonymous_1)
FN:50,(anonymous_2)
FN:73,(anonymous_3)
FN:84,(anonymous_4)
FN:94,(anonymous_5)
FN:104,(anonymous_6)
FNF:7
FNH:0
FNDA:0,(anonymous_0)
FNDA:0,(anonymous_1)
FNDA:0,(anonymous_2)
FNDA:0,(anonymous_3)
FNDA:0,(anonymous_4)
FNDA:0,(anonymous_5)
FNDA:0,(anonymous_6)
DA:1,1
DA:6,0
DA:7,0
DA:8,0
DA:11,0
DA:12,0
DA:15,0
DA:16,0
DA:17,0
DA:18,0
DA:20,0
DA:21,0
DA:25,0
DA:32,0
DA:33,0
DA:34,0
DA:37,0
DA:38,0
DA:44,0
DA:55,0
DA:61,0
DA:63,0
DA:74,0
DA:85,0
DA:95,0
DA:96,0
DA:98,0
DA:105,0
LF:28
LH:1
BRDA:6,0,0,0
BRDA:11,1,0,0
BRDA:15,2,0,0
BRDA:32,3,0,0
BRDA:37,4,0,0
BRDA:53,5,0,0
BRDA:61,6,0,0
BRDA:61,6,1,0
BRDA:95,7,0,0
BRF:9
BRH:0
end_of_record
TN:
SF:src\services\reminderManager.ts
FN:4,(anonymous_0)
FN:18,(anonymous_1)
FN:33,(anonymous_2)
FN:43,(anonymous_3)
FN:58,(anonymous_4)
FN:69,(anonymous_5)
FN:70,(anonymous_6)
FN:79,(anonymous_7)
FN:86,(anonymous_8)
FN:130,(anonymous_9)
FN:144,(anonymous_10)
FNF:11
FNH:7
FNDA:1,(anonymous_0)
FNDA:1,(anonymous_1)
FNDA:1,(anonymous_2)
FNDA:1,(anonymous_3)
FNDA:0,(anonymous_4)
FNDA:4,(anonymous_5)
FNDA:1,(anonymous_6)
FNDA:0,(anonymous_7)
FNDA:0,(anonymous_8)
FNDA:0,(anonymous_9)
FNDA:4,(anonymous_10)
DA:2,1
DA:4,1
DA:5,1
DA:6,1
DA:19,1
DA:21,1
DA:22,1
DA:23,1
DA:25,1
DA:27,0
DA:28,0
DA:31,1
DA:33,1
DA:34,1
DA:37,1
DA:44,1
DA:45,1
DA:52,1
DA:59,0
DA:60,0
DA:61,0
DA:62,0
DA:70,4
DA:71,1
DA:73,4
DA:80,0
DA:90,0
DA:91,0
DA:92,0
DA:94,0
DA:95,0
DA:96,0
DA:102,0
DA:104,0
DA:105,0
DA:111,0
DA:113,0
DA:114,0
DA:120,0
DA:121,0
DA:131,0
DA:132,0
DA:145,4
DA:147,1
DA:149,1
DA:151,1
DA:153,1
DA:158,1
LF:48
LH:25
BRDA:18,0,0,0
BRDA:19,1,0,0
BRDA:25,2,0,0
BRDA:52,3,0,1
BRDA:52,3,1,0
BRDA:60,4,0,0
BRDA:94,5,0,0
BRDA:102,6,0,0
BRDA:111,7,0,0
BRDA:145,8,0,1
BRDA:145,8,1,1
BRDA:145,8,2,1
BRDA:145,8,3,1
BRF:13
BRH:5
end_of_record
TN:
SF:src\services\todoQuery.ts
FN:3,(anonymous_0)
FNF:1
FNH:1
FNDA:2,(anonymous_0)
DA:3,1
DA:7,2
DA:9,2
DA:10,1
DA:13,2
DA:14,1
DA:17,2
DA:18,1
DA:21,2
DA:22,1
DA:25,2
DA:26,2
LF:12
LH:12
BRDA:9,0,0,1
BRDA:13,1,0,1
BRDA:13,2,0,2
BRDA:13,2,1,2
BRDA:17,3,0,1
BRDA:17,4,0,2
BRDA:17,4,1,2
BRDA:21,5,0,1
BRDA:21,6,0,2
BRDA:21,6,1,2
BRDA:26,7,0,1
BRDA:26,7,1,1
BRF:12
BRH:12
end_of_record
TN:
SF:src\services\todoService.ts
FN:6,(anonymous_0)
FN:15,(anonymous_1)
FN:23,(anonymous_2)
FN:43,(anonymous_3)
FN:57,(anonymous_4)
FN:66,(anonymous_5)
FNF:6
FNH:0
FNDA:0,(anonymous_0)
FNDA:0,(anonymous_1)
FNDA:0,(anonymous_2)
FNDA:0,(anonymous_3)
FNDA:0,(anonymous_4)
FNDA:0,(anonymous_5)
DA:2,0
DA:4,0
DA:6,0
DA:7,0
DA:8,0
DA:9,0
DA:11,0
DA:12,0
DA:15,0
DA:16,0
DA:17,0
DA:18,0
DA:20,0
DA:23,0
DA:30,0
DA:37,0
DA:38,0
DA:40,0
DA:43,0
DA:44,0
DA:51,0
DA:52,0
DA:54,0
DA:57,0
DA:58,0
DA:61,0
DA:62,0
DA:66,0
DA:67,0
DA:68,0
DA:69,0
DA:71,0
LF:32
LH:0
BRDA:4,0,0,0
BRDA:4,0,1,0
BRDA:8,1,0,0
BRDA:12,2,0,0
BRDA:12,2,1,0
BRDA:17,3,0,0
BRDA:37,4,0,0
BRDA:51,5,0,0
BRDA:61,6,0,0
BRDA:68,7,0,0
BRF:10
BRH:0
end_of_record
TN:
SF:src\services\voiceService.ts
FN:52,(anonymous_0)
FN:62,(anonymous_1)
FN:70,(anonymous_2)
FN:82,(anonymous_3)
FN:86,(anonymous_4)
FN:102,(anonymous_5)
FN:106,(anonymous_6)
FN:118,(anonymous_7)
FN:125,(anonymous_8)
FN:129,(anonymous_9)
FN:130,(anonymous_10)
FN:143,(anonymous_11)
FN:144,(anonymous_12)
FN:150,(anonymous_13)
FN:154,(anonymous_14)
FNF:15
FNH:0
FNDA:0,(anonymous_0)
FNDA:0,(anonymous_1)
FNDA:0,(anonymous_2)
FNDA:0,(anonymous_3)
FNDA:0,(anonymous_4)
FNDA:0,(anonymous_5)
FNDA:0,(anonymous_6)
FNDA:0,(anonymous_7)
FNDA:0,(anonymous_8)
FNDA:0,(anonymous_9)
FNDA:0,(anonymous_10)
FNDA:0,(anonymous_11)
FNDA:0,(anonymous_12)
FNDA:0,(anonymous_13)
FNDA:0,(anonymous_14)
DA:43,0
DA:45,0
DA:47,0
DA:48,0
DA:49,0
DA:50,0
DA:53,0
DA:54,0
DA:55,0
DA:58,0
DA:59,0
DA:63,0
DA:65,0
DA:66,0
DA:67,0
DA:74,0
DA:75,0
DA:76,0
DA:79,0
DA:80,0
DA:82,0
DA:83,0
DA:86,0
DA:87,0
DA:89,0
DA:90,0
DA:92,0
DA:93,0
DA:95,0
DA:99,0
DA:102,0
DA:103,0
DA:106,0
DA:107,0
DA:108,0
DA:111,0
DA:112,0
DA:114,0
DA:119,0
DA:120,0
DA:121,0
DA:126,0
DA:130,0
DA:131,0
DA:132,0
DA:133,0
DA:136,0
DA:138,0
DA:139,0
DA:140,0
DA:141,0
DA:143,0
DA:144,0
DA:146,0
DA:151,0
DA:155,0
LF:56
LH:0
BRDA:45,0,0,0
BRDA:45,0,1,0
BRDA:53,1,0,0
BRDA:63,2,0,0
BRDA:74,3,0,0
BRDA:92,4,0,0
BRDA:92,4,1,0
BRDA:119,5,0,0
BRDA:119,6,0,0
BRDA:119,6,1,0
BRDA:129,7,0,0
BRDA:131,8,0,0
BRF:12
BRH:0
end_of_record
TN:
SF:src\test\styleMock.ts
FNF:0
FNH:0
DA:1,1
DA:3,1
LF:2
LH:2
BRF:0
BRH:0
end_of_record
