{"C:\\Users\\Lenovo\\OneDrive\\Documents\\GitHub\\FSD_project\\backend\\src\\controllers\\todoController.ts": {"path":"C:\\Users\\Lenovo\\OneDrive\\Documents\\GitHub\\FSD_project\\backend\\src\\controllers\\todoController.ts","statementMap":{"0":{"start":{"line":2,"column":0},"end":{"line":2,"column":54}},"1":{"start":{"line":12,"column":10},"end":{"line":12,"column":42}},"2":{"start":{"line":14,"column":2},"end":{"line":29,"column":4}},"3":{"start":{"line":15,"column":4},"end":{"line":28,"column":5}},"4":{"start":{"line":16,"column":19},"end":{"line":16,"column":58}},"5":{"start":{"line":17,"column":20},"end":{"line":17,"column":61}},"6":{"start":{"line":18,"column":40},"end":{"line":23,"column":8}},"7":{"start":{"line":24,"column":21},"end":{"line":24,"column":71}},"8":{"start":{"line":25,"column":6},"end":{"line":25,"column":23}},"9":{"start":{"line":27,"column":6},"end":{"line":27,"column":18}},"10":{"start":{"line":31,"column":2},"end":{"line":45,"column":4}},"11":{"start":{"line":32,"column":4},"end":{"line":44,"column":5}},"12":{"start":{"line":33,"column":21},"end":{"line":33,"column":31}},"13":{"start":{"line":34,"column":19},"end":{"line":34,"column":51}},"14":{"start":{"line":36,"column":6},"end":{"line":39,"column":7}},"15":{"start":{"line":37,"column":8},"end":{"line":37,"column":58}},"16":{"start":{"line":38,"column":8},"end":{"line":38,"column":15}},"17":{"start":{"line":41,"column":6},"end":{"line":41,"column":21}},"18":{"start":{"line":43,"column":6},"end":{"line":43,"column":18}},"19":{"start":{"line":47,"column":2},"end":{"line":61,"column":4}},"20":{"start":{"line":48,"column":4},"end":{"line":60,"column":5}},"21":{"start":{"line":49,"column":38},"end":{"line":49,"column":46}},"22":{"start":{"line":51,"column":6},"end":{"line":54,"column":7}},"23":{"start":{"line":52,"column":8},"end":{"line":52,"column":82}},"24":{"start":{"line":53,"column":8},"end":{"line":53,"column":15}},"25":{"start":{"line":56,"column":19},"end":{"line":56,"column":52}},"26":{"start":{"line":57,"column":6},"end":{"line":57,"column":33}},"27":{"start":{"line":59,"column":6},"end":{"line":59,"column":18}},"28":{"start":{"line":63,"column":2},"end":{"line":79,"column":4}},"29":{"start":{"line":64,"column":4},"end":{"line":78,"column":5}},"30":{"start":{"line":65,"column":21},"end":{"line":65,"column":31}},"31":{"start":{"line":66,"column":38},"end":{"line":66,"column":46}},"32":{"start":{"line":68,"column":19},"end":{"line":68,"column":56}},"33":{"start":{"line":70,"column":6},"end":{"line":73,"column":7}},"34":{"start":{"line":71,"column":8},"end":{"line":71,"column":58}},"35":{"start":{"line":72,"column":8},"end":{"line":72,"column":15}},"36":{"start":{"line":75,"column":6},"end":{"line":75,"column":21}},"37":{"start":{"line":77,"column":6},"end":{"line":77,"column":18}},"38":{"start":{"line":81,"column":2},"end":{"line":95,"column":4}},"39":{"start":{"line":82,"column":4},"end":{"line":94,"column":5}},"40":{"start":{"line":83,"column":21},"end":{"line":83,"column":31}},"41":{"start":{"line":84,"column":22},"end":{"line":84,"column":53}},"42":{"start":{"line":86,"column":6},"end":{"line":89,"column":7}},"43":{"start":{"line":87,"column":8},"end":{"line":87,"column":58}},"44":{"start":{"line":88,"column":8},"end":{"line":88,"column":15}},"45":{"start":{"line":91,"column":6},"end":{"line":91,"column":29}},"46":{"start":{"line":93,"column":6},"end":{"line":93,"column":18}},"47":{"start":{"line":97,"column":2},"end":{"line":104,"column":4}},"48":{"start":{"line":98,"column":4},"end":{"line":103,"column":5}},"49":{"start":{"line":99,"column":20},"end":{"line":99,"column":54}},"50":{"start":{"line":100,"column":6},"end":{"line":100,"column":22}},"51":{"start":{"line":102,"column":6},"end":{"line":102,"column":18}},"52":{"start":{"line":106,"column":2},"end":{"line":113,"column":4}},"53":{"start":{"line":107,"column":4},"end":{"line":112,"column":5}},"54":{"start":{"line":108,"column":20},"end":{"line":108,"column":58}},"55":{"start":{"line":109,"column":6},"end":{"line":109,"column":22}},"56":{"start":{"line":111,"column":6},"end":{"line":111,"column":18}},"57":{"start":{"line":115,"column":2},"end":{"line":123,"column":4}},"58":{"start":{"line":116,"column":4},"end":{"line":122,"column":5}},"59":{"start":{"line":117,"column":27},"end":{"line":117,"column":37}},"60":{"start":{"line":118,"column":20},"end":{"line":118,"column":65}},"61":{"start":{"line":119,"column":6},"end":{"line":119,"column":22}},"62":{"start":{"line":121,"column":6},"end":{"line":121,"column":18}},"63":{"start":{"line":126,"column":4},"end":{"line":128,"column":5}},"64":{"start":{"line":127,"column":6},"end":{"line":127,"column":19}},"65":{"start":{"line":129,"column":4},"end":{"line":129,"column":21}},"66":{"start":{"line":133,"column":4},"end":{"line":135,"column":5}},"67":{"start":{"line":134,"column":6},"end":{"line":134,"column":19}},"68":{"start":{"line":136,"column":4},"end":{"line":136,"column":21}},"69":{"start":{"line":140,"column":4},"end":{"line":148,"column":5}},"70":{"start":{"line":147,"column":6},"end":{"line":147,"column":19}},"71":{"start":{"line":149,"column":4},"end":{"line":149,"column":21}},"72":{"start":{"line":11,"column":0},"end":{"line":11,"column":13}}},"fnMap":{"0":{"name":"(anonymous_0)","decl":{"start":{"line":11,"column":0},"end":{"line":11,"column":13}},"loc":{"start":{"line":11,"column":0},"end":{"line":151,"column":1}}},"1":{"name":"(anonymous_1)","decl":{"start":{"line":14,"column":16},"end":{"line":14,"column":17}},"loc":{"start":{"line":14,"column":68},"end":{"line":29,"column":3}}},"2":{"name":"(anonymous_2)","decl":{"start":{"line":31,"column":16},"end":{"line":31,"column":17}},"loc":{"start":{"line":31,"column":68},"end":{"line":45,"column":3}}},"3":{"name":"(anonymous_3)","decl":{"start":{"line":47,"column":15},"end":{"line":47,"column":16}},"loc":{"start":{"line":47,"column":67},"end":{"line":61,"column":3}}},"4":{"name":"(anonymous_4)","decl":{"start":{"line":63,"column":15},"end":{"line":63,"column":16}},"loc":{"start":{"line":63,"column":67},"end":{"line":79,"column":3}}},"5":{"name":"(anonymous_5)","decl":{"start":{"line":81,"column":15},"end":{"line":81,"column":16}},"loc":{"start":{"line":81,"column":67},"end":{"line":95,"column":3}}},"6":{"name":"(anonymous_6)","decl":{"start":{"line":97,"column":20},"end":{"line":97,"column":21}},"loc":{"start":{"line":97,"column":73},"end":{"line":104,"column":3}}},"7":{"name":"(anonymous_7)","decl":{"start":{"line":106,"column":24},"end":{"line":106,"column":25}},"loc":{"start":{"line":106,"column":77},"end":{"line":113,"column":3}}},"8":{"name":"(anonymous_8)","decl":{"start":{"line":115,"column":23},"end":{"line":115,"column":24}},"loc":{"start":{"line":115,"column":75},"end":{"line":123,"column":3}}},"9":{"name":"(anonymous_9)","decl":{"start":{"line":125,"column":10},"end":{"line":125,"column":27}},"loc":{"start":{"line":125,"column":42},"end":{"line":130,"column":3}}},"10":{"name":"(anonymous_10)","decl":{"start":{"line":132,"column":10},"end":{"line":132,"column":29}},"loc":{"start":{"line":132,"column":44},"end":{"line":137,"column":3}}},"11":{"name":"(anonymous_11)","decl":{"start":{"line":139,"column":10},"end":{"line":139,"column":24}},"loc":{"start":{"line":139,"column":39},"end":{"line":150,"column":3}}}},"branchMap":{"0":{"loc":{"start":{"line":16,"column":19},"end":{"line":16,"column":58}},"type":"binary-expr","locations":[{"start":{"line":16,"column":19},"end":{"line":16,"column":53}},{"start":{"line":16,"column":57},"end":{"line":16,"column":58}}]},"1":{"loc":{"start":{"line":17,"column":20},"end":{"line":17,"column":61}},"type":"binary-expr","locations":[{"start":{"line":17,"column":20},"end":{"line":17,"column":55}},{"start":{"line":17,"column":59},"end":{"line":17,"column":61}}]},"2":{"loc":{"start":{"line":19,"column":16},"end":{"line":19,"column":83}},"type":"cond-expr","locations":[{"start":{"line":19,"column":55},"end":{"line":19,"column":71}},{"start":{"line":19,"column":74},"end":{"line":19,"column":83}}]},"3":{"loc":{"start":{"line":36,"column":6},"end":{"line":39,"column":7}},"type":"if","locations":[{"start":{"line":36,"column":6},"end":{"line":39,"column":7}}]},"4":{"loc":{"start":{"line":51,"column":6},"end":{"line":54,"column":7}},"type":"if","locations":[{"start":{"line":51,"column":6},"end":{"line":54,"column":7}}]},"5":{"loc":{"start":{"line":51,"column":10},"end":{"line":51,"column":55}},"type":"binary-expr","locations":[{"start":{"line":51,"column":10},"end":{"line":51,"column":21}},{"start":{"line":51,"column":25},"end":{"line":51,"column":55}}]},"6":{"loc":{"start":{"line":70,"column":6},"end":{"line":73,"column":7}},"type":"if","locations":[{"start":{"line":70,"column":6},"end":{"line":73,"column":7}}]},"7":{"loc":{"start":{"line":86,"column":6},"end":{"line":89,"column":7}},"type":"if","locations":[{"start":{"line":86,"column":6},"end":{"line":89,"column":7}}]},"8":{"loc":{"start":{"line":126,"column":4},"end":{"line":128,"column":5}},"type":"if","locations":[{"start":{"line":126,"column":4},"end":{"line":128,"column":5}}]},"9":{"loc":{"start":{"line":126,"column":8},"end":{"line":126,"column":70}},"type":"binary-expr","locations":[{"start":{"line":126,"column":8},"end":{"line":126,"column":23}},{"start":{"line":126,"column":27},"end":{"line":126,"column":45}},{"start":{"line":126,"column":49},"end":{"line":126,"column":70}}]},"10":{"loc":{"start":{"line":133,"column":4},"end":{"line":135,"column":5}},"type":"if","locations":[{"start":{"line":133,"column":4},"end":{"line":135,"column":5}}]},"11":{"loc":{"start":{"line":133,"column":8},"end":{"line":133,"column":65}},"type":"binary-expr","locations":[{"start":{"line":133,"column":8},"end":{"line":133,"column":23}},{"start":{"line":133,"column":27},"end":{"line":133,"column":45}},{"start":{"line":133,"column":49},"end":{"line":133,"column":65}}]},"12":{"loc":{"start":{"line":140,"column":4},"end":{"line":148,"column":5}},"type":"if","locations":[{"start":{"line":140,"column":4},"end":{"line":148,"column":5}}]},"13":{"loc":{"start":{"line":141,"column":6},"end":{"line":145,"column":22}},"type":"binary-expr","locations":[{"start":{"line":141,"column":6},"end":{"line":141,"column":21}},{"start":{"line":142,"column":6},"end":{"line":142,"column":25}},{"start":{"line":143,"column":6},"end":{"line":143,"column":23}},{"start":{"line":144,"column":6},"end":{"line":144,"column":26}},{"start":{"line":145,"column":6},"end":{"line":145,"column":22}}]}},"s":{"0":0,"1":0,"2":0,"3":0,"4":0,"5":0,"6":0,"7":0,"8":0,"9":0,"10":0,"11":0,"12":0,"13":0,"14":0,"15":0,"16":0,"17":0,"18":0,"19":0,"20":0,"21":0,"22":0,"23":0,"24":0,"25":0,"26":0,"27":0,"28":0,"29":0,"30":0,"31":0,"32":0,"33":0,"34":0,"35":0,"36":0,"37":0,"38":0,"39":0,"40":0,"41":0,"42":0,"43":0,"44":0,"45":0,"46":0,"47":0,"48":0,"49":0,"50":0,"51":0,"52":0,"53":0,"54":0,"55":0,"56":0,"57":0,"58":0,"59":0,"60":0,"61":0,"62":0,"63":0,"64":0,"65":0,"66":0,"67":0,"68":0,"69":0,"70":0,"71":0,"72":0},"f":{"0":0,"1":0,"2":0,"3":0,"4":0,"5":0,"6":0,"7":0,"8":0,"9":0,"10":0,"11":0},"b":{"0":[0,0],"1":[0,0],"2":[0,0],"3":[0],"4":[0],"5":[0,0],"6":[0],"7":[0],"8":[0],"9":[0,0,0],"10":[0],"11":[0,0,0],"12":[0],"13":[0,0,0,0,0]}}
,"C:\\Users\\Lenovo\\OneDrive\\Documents\\GitHub\\FSD_project\\backend\\src\\middleware\\errorHandler.ts": {"path":"C:\\Users\\Lenovo\\OneDrive\\Documents\\GitHub\\FSD_project\\backend\\src\\middleware\\errorHandler.ts","statementMap":{"0":{"start":{"line":3,"column":28},"end":{"line":9,"column":1}},"1":{"start":{"line":4,"column":2},"end":{"line":4,"column":21}},"2":{"start":{"line":5,"column":2},"end":{"line":8,"column":5}},"3":{"start":{"line":3,"column":13},"end":{"line":3,"column":28}},"4":{"start":{"line":11,"column":31},"end":{"line":16,"column":1}},"5":{"start":{"line":12,"column":2},"end":{"line":15,"column":5}},"6":{"start":{"line":11,"column":13},"end":{"line":11,"column":31}}},"fnMap":{"0":{"name":"(anonymous_0)","decl":{"start":{"line":3,"column":28},"end":{"line":3,"column":29}},"loc":{"start":{"line":3,"column":94},"end":{"line":9,"column":1}}},"1":{"name":"(anonymous_1)","decl":{"start":{"line":11,"column":31},"end":{"line":11,"column":32}},"loc":{"start":{"line":11,"column":64},"end":{"line":16,"column":1}}}},"branchMap":{},"s":{"0":0,"1":0,"2":0,"3":0,"4":0,"5":0,"6":0},"f":{"0":0,"1":0},"b":{}}
,"C:\\Users\\Lenovo\\OneDrive\\Documents\\GitHub\\FSD_project\\backend\\src\\routes\\todoRoutes.ts": {"path":"C:\\Users\\Lenovo\\OneDrive\\Documents\\GitHub\\FSD_project\\backend\\src\\routes\\todoRoutes.ts","statementMap":{"0":{"start":{"line":1,"column":0},"end":{"line":1,"column":33}},"1":{"start":{"line":2,"column":0},"end":{"line":2,"column":63}},"2":{"start":{"line":4,"column":15},"end":{"line":4,"column":23}},"3":{"start":{"line":5,"column":19},"end":{"line":5,"column":39}},"4":{"start":{"line":8,"column":0},"end":{"line":8,"column":57}},"5":{"start":{"line":9,"column":0},"end":{"line":9,"column":65}},"6":{"start":{"line":12,"column":0},"end":{"line":12,"column":72}},"7":{"start":{"line":15,"column":0},"end":{"line":15,"column":40}},"8":{"start":{"line":16,"column":0},"end":{"line":16,"column":43}},"9":{"start":{"line":17,"column":0},"end":{"line":17,"column":40}},"10":{"start":{"line":18,"column":0},"end":{"line":18,"column":42}},"11":{"start":{"line":19,"column":0},"end":{"line":19,"column":45}},"12":{"start":{"line":21,"column":0},"end":{"line":21,"column":22}}},"fnMap":{},"branchMap":{},"s":{"0":0,"1":0,"2":0,"3":0,"4":0,"5":0,"6":0,"7":0,"8":0,"9":0,"10":0,"11":0,"12":0},"f":{},"b":{}}
,"C:\\Users\\Lenovo\\OneDrive\\Documents\\GitHub\\FSD_project\\backend\\src\\services\\todoService.ts": {"path":"C:\\Users\\Lenovo\\OneDrive\\Documents\\GitHub\\FSD_project\\backend\\src\\services\\todoService.ts","statementMap":{"0":{"start":{"line":1,"column":0},"end":{"line":1,"column":36}},"1":{"start":{"line":5,"column":14},"end":{"line":5,"column":37}},"2":{"start":{"line":28,"column":29},"end":{"line":32,"column":2}},"3":{"start":{"line":34,"column":23},"end":{"line":34,"column":27}},"4":{"start":{"line":42,"column":26},"end":{"line":44,"column":88}},"5":{"start":{"line":43,"column":24},"end":{"line":43,"column":58}},"6":{"start":{"line":44,"column":22},"end":{"line":44,"column":87}},"7":{"start":{"line":46,"column":18},"end":{"line":46,"column":38}},"8":{"start":{"line":47,"column":18},"end":{"line":47,"column":47}},"9":{"start":{"line":48,"column":18},"end":{"line":48,"column":36}},"10":{"start":{"line":49,"column":27},"end":{"line":49,"column":68}},"11":{"start":{"line":51,"column":4},"end":{"line":51,"column":57}},"12":{"start":{"line":55,"column":4},"end":{"line":55,"column":25}},"13":{"start":{"line":59,"column":15},"end":{"line":59,"column":23}},"14":{"start":{"line":60,"column":16},"end":{"line":60,"column":40}},"15":{"start":{"line":61,"column":23},"end":{"line":71,"column":6}},"16":{"start":{"line":72,"column":4},"end":{"line":72,"column":24}},"17":{"start":{"line":73,"column":4},"end":{"line":73,"column":27}},"18":{"start":{"line":74,"column":4},"end":{"line":74,"column":16}},"19":{"start":{"line":78,"column":17},"end":{"line":78,"column":30}},"20":{"start":{"line":79,"column":4},"end":{"line":79,"column":32}},"21":{"start":{"line":79,"column":15},"end":{"line":79,"column":32}},"22":{"start":{"line":81,"column":26},"end":{"line":88,"column":6}},"23":{"start":{"line":89,"column":4},"end":{"line":89,"column":27}},"24":{"start":{"line":90,"column":4},"end":{"line":90,"column":27}},"25":{"start":{"line":91,"column":4},"end":{"line":91,"column":19}},"26":{"start":{"line":95,"column":19},"end":{"line":95,"column":35}},"27":{"start":{"line":96,"column":4},"end":{"line":98,"column":5}},"28":{"start":{"line":97,"column":6},"end":{"line":97,"column":29}},"29":{"start":{"line":99,"column":4},"end":{"line":99,"column":18}},"30":{"start":{"line":103,"column":16},"end":{"line":103,"column":26}},"31":{"start":{"line":104,"column":4},"end":{"line":106,"column":5}},"32":{"start":{"line":105,"column":6},"end":{"line":105,"column":32}},"33":{"start":{"line":108,"column":18},"end":{"line":108,"column":75}},"34":{"start":{"line":109,"column":24},"end":{"line":109,"column":34}},"35":{"start":{"line":111,"column":4},"end":{"line":116,"column":5}},"36":{"start":{"line":111,"column":17},"end":{"line":111,"column":19}},"37":{"start":{"line":112,"column":19},"end":{"line":112,"column":40}},"38":{"start":{"line":113,"column":6},"end":{"line":113,"column":41}},"39":{"start":{"line":114,"column":18},"end":{"line":114,"column":52}},"40":{"start":{"line":115,"column":6},"end":{"line":115,"column":51}},"41":{"start":{"line":118,"column":4},"end":{"line":132,"column":7}},"42":{"start":{"line":119,"column":27},"end":{"line":119,"column":57}},"43":{"start":{"line":120,"column":6},"end":{"line":123,"column":7}},"44":{"start":{"line":121,"column":24},"end":{"line":121,"column":48}},"45":{"start":{"line":122,"column":8},"end":{"line":122,"column":26}},"46":{"start":{"line":125,"column":6},"end":{"line":131,"column":7}},"47":{"start":{"line":126,"column":31},"end":{"line":126,"column":61}},"48":{"start":{"line":127,"column":8},"end":{"line":130,"column":9}},"49":{"start":{"line":128,"column":26},"end":{"line":128,"column":52}},"50":{"start":{"line":129,"column":10},"end":{"line":129,"column":30}},"51":{"start":{"line":134,"column":19},"end":{"line":134,"column":91}},"52":{"start":{"line":134,"column":71},"end":{"line":134,"column":89}},"53":{"start":{"line":135,"column":4},"end":{"line":135,"column":32}},"54":{"start":{"line":136,"column":4},"end":{"line":136,"column":31}},"55":{"start":{"line":137,"column":4},"end":{"line":137,"column":18}},"56":{"start":{"line":141,"column":16},"end":{"line":141,"column":26}},"57":{"start":{"line":142,"column":4},"end":{"line":144,"column":5}},"58":{"start":{"line":143,"column":6},"end":{"line":143,"column":36}},"59":{"start":{"line":146,"column":21},"end":{"line":146,"column":47}},"60":{"start":{"line":147,"column":23},"end":{"line":147,"column":38}},"61":{"start":{"line":148,"column":27},"end":{"line":148,"column":69}},"62":{"start":{"line":148,"column":50},"end":{"line":148,"column":61}},"63":{"start":{"line":149,"column":27},"end":{"line":149,"column":98}},"64":{"start":{"line":151,"column":18},"end":{"line":151,"column":28}},"65":{"start":{"line":152,"column":26},"end":{"line":152,"column":41}},"66":{"start":{"line":153,"column":4},"end":{"line":153,"column":48}},"67":{"start":{"line":155,"column":23},"end":{"line":158,"column":6}},"68":{"start":{"line":156,"column":26},"end":{"line":156,"column":47}},"69":{"start":{"line":157,"column":6},"end":{"line":157,"column":42}},"70":{"start":{"line":160,"column":26},"end":{"line":162,"column":10}},"71":{"start":{"line":161,"column":28},"end":{"line":161,"column":80}},"72":{"start":{"line":164,"column":19},"end":{"line":171,"column":6}},"73":{"start":{"line":173,"column":4},"end":{"line":173,"column":36}},"74":{"start":{"line":174,"column":4},"end":{"line":174,"column":31}},"75":{"start":{"line":175,"column":4},"end":{"line":175,"column":18}},"76":{"start":{"line":179,"column":4},"end":{"line":179,"column":77}},"77":{"start":{"line":179,"column":52},"end":{"line":179,"column":75}},"78":{"start":{"line":183,"column":4},"end":{"line":187,"column":6}},"79":{"start":{"line":191,"column":19},"end":{"line":191,"column":55}},"80":{"start":{"line":192,"column":4},"end":{"line":194,"column":5}},"81":{"start":{"line":193,"column":6},"end":{"line":193,"column":19}},"82":{"start":{"line":196,"column":4},"end":{"line":198,"column":5}},"83":{"start":{"line":197,"column":6},"end":{"line":197,"column":19}},"84":{"start":{"line":200,"column":4},"end":{"line":202,"column":5}},"85":{"start":{"line":201,"column":6},"end":{"line":201,"column":19}},"86":{"start":{"line":204,"column":4},"end":{"line":206,"column":5}},"87":{"start":{"line":205,"column":6},"end":{"line":205,"column":19}},"88":{"start":{"line":208,"column":4},"end":{"line":210,"column":5}},"89":{"start":{"line":209,"column":6},"end":{"line":209,"column":18}},"90":{"start":{"line":212,"column":4},"end":{"line":214,"column":5}},"91":{"start":{"line":213,"column":6},"end":{"line":213,"column":27}},"92":{"start":{"line":216,"column":4},"end":{"line":218,"column":5}},"93":{"start":{"line":217,"column":6},"end":{"line":217,"column":19}},"94":{"start":{"line":220,"column":16},"end":{"line":220,"column":26}},"95":{"start":{"line":221,"column":20},"end":{"line":221,"column":42}},"96":{"start":{"line":222,"column":25},"end":{"line":222,"column":38}},"97":{"start":{"line":223,"column":4},"end":{"line":223,"column":38}},"98":{"start":{"line":224,"column":23},"end":{"line":224,"column":45}},"99":{"start":{"line":225,"column":4},"end":{"line":225,"column":49}},"100":{"start":{"line":227,"column":4},"end":{"line":229,"column":5}},"101":{"start":{"line":228,"column":6},"end":{"line":228,"column":27}},"102":{"start":{"line":231,"column":4},"end":{"line":233,"column":5}},"103":{"start":{"line":232,"column":6},"end":{"line":232,"column":61}},"104":{"start":{"line":235,"column":4},"end":{"line":237,"column":5}},"105":{"start":{"line":236,"column":6},"end":{"line":236,"column":35}},"106":{"start":{"line":239,"column":4},"end":{"line":239,"column":16}},"107":{"start":{"line":36,"column":0},"end":{"line":36,"column":13}}},"fnMap":{"0":{"name":"(anonymous_0)","decl":{"start":{"line":37,"column":2},"end":{"line":37,"column":13}},"loc":{"start":{"line":40,"column":34},"end":{"line":52,"column":3}}},"1":{"name":"(anonymous_1)","decl":{"start":{"line":43,"column":14},"end":{"line":43,"column":15}},"loc":{"start":{"line":43,"column":24},"end":{"line":43,"column":58}}},"2":{"name":"(anonymous_2)","decl":{"start":{"line":44,"column":12},"end":{"line":44,"column":13}},"loc":{"start":{"line":44,"column":22},"end":{"line":44,"column":87}}},"3":{"name":"(anonymous_3)","decl":{"start":{"line":54,"column":2},"end":{"line":54,"column":13}},"loc":{"start":{"line":54,"column":24},"end":{"line":56,"column":3}}},"4":{"name":"(anonymous_4)","decl":{"start":{"line":58,"column":2},"end":{"line":58,"column":12}},"loc":{"start":{"line":58,"column":36},"end":{"line":75,"column":3}}},"5":{"name":"(anonymous_5)","decl":{"start":{"line":77,"column":2},"end":{"line":77,"column":12}},"loc":{"start":{"line":77,"column":48},"end":{"line":92,"column":3}}},"6":{"name":"(anonymous_6)","decl":{"start":{"line":94,"column":2},"end":{"line":94,"column":12}},"loc":{"start":{"line":94,"column":23},"end":{"line":100,"column":3}}},"7":{"name":"(anonymous_7)","decl":{"start":{"line":102,"column":2},"end":{"line":102,"column":17}},"loc":{"start":{"line":102,"column":17},"end":{"line":138,"column":3}}},"8":{"name":"(anonymous_8)","decl":{"start":{"line":118,"column":18},"end":{"line":118,"column":19}},"loc":{"start":{"line":118,"column":27},"end":{"line":132,"column":5}}},"9":{"name":"(anonymous_9)","decl":{"start":{"line":134,"column":51},"end":{"line":134,"column":52}},"loc":{"start":{"line":134,"column":71},"end":{"line":134,"column":89}}},"10":{"name":"(anonymous_10)","decl":{"start":{"line":140,"column":2},"end":{"line":140,"column":21}},"loc":{"start":{"line":140,"column":21},"end":{"line":176,"column":3}}},"11":{"name":"(anonymous_11)","decl":{"start":{"line":148,"column":43},"end":{"line":148,"column":44}},"loc":{"start":{"line":148,"column":50},"end":{"line":148,"column":61}}},"12":{"name":"(anonymous_12)","decl":{"start":{"line":155,"column":39},"end":{"line":155,"column":40}},"loc":{"start":{"line":155,"column":45},"end":{"line":158,"column":5}}},"13":{"name":"(anonymous_13)","decl":{"start":{"line":161,"column":21},"end":{"line":161,"column":22}},"loc":{"start":{"line":161,"column":28},"end":{"line":161,"column":80}}},"14":{"name":"(anonymous_14)","decl":{"start":{"line":178,"column":2},"end":{"line":178,"column":20}},"loc":{"start":{"line":178,"column":37},"end":{"line":180,"column":3}}},"15":{"name":"(anonymous_15)","decl":{"start":{"line":179,"column":45},"end":{"line":179,"column":46}},"loc":{"start":{"line":179,"column":52},"end":{"line":179,"column":75}}},"16":{"name":"(anonymous_16)","decl":{"start":{"line":182,"column":10},"end":{"line":182,"column":25}},"loc":{"start":{"line":182,"column":25},"end":{"line":188,"column":3}}},"17":{"name":"(anonymous_17)","decl":{"start":{"line":190,"column":10},"end":{"line":190,"column":24}},"loc":{"start":{"line":190,"column":62},"end":{"line":240,"column":3}}}},"branchMap":{"0":{"loc":{"start":{"line":38,"column":4},"end":{"line":38,"column":20}},"type":"default-arg","locations":[{"start":{"line":38,"column":19},"end":{"line":38,"column":20}}]},"1":{"loc":{"start":{"line":39,"column":4},"end":{"line":39,"column":22}},"type":"default-arg","locations":[{"start":{"line":39,"column":20},"end":{"line":39,"column":22}}]},"2":{"loc":{"start":{"line":40,"column":4},"end":{"line":40,"column":34}},"type":"default-arg","locations":[{"start":{"line":40,"column":32},"end":{"line":40,"column":34}}]},"3":{"loc":{"start":{"line":47,"column":18},"end":{"line":47,"column":47}},"type":"binary-expr","locations":[{"start":{"line":47,"column":18},"end":{"line":47,"column":42}},{"start":{"line":47,"column":46},"end":{"line":47,"column":47}}]},"4":{"loc":{"start":{"line":64,"column":17},"end":{"line":64,"column":40}},"type":"binary-expr","locations":[{"start":{"line":64,"column":17},"end":{"line":64,"column":31}},{"start":{"line":64,"column":35},"end":{"line":64,"column":40}}]},"5":{"loc":{"start":{"line":79,"column":4},"end":{"line":79,"column":32}},"type":"if","locations":[{"start":{"line":79,"column":4},"end":{"line":79,"column":32}}]},"6":{"loc":{"start":{"line":87,"column":19},"end":{"line":87,"column":98}},"type":"cond-expr","locations":[{"start":{"line":87,"column":55},"end":{"line":87,"column":79}},{"start":{"line":87,"column":82},"end":{"line":87,"column":98}}]},"7":{"loc":{"start":{"line":87,"column":19},"end":{"line":87,"column":52}},"type":"binary-expr","locations":[{"start":{"line":87,"column":19},"end":{"line":87,"column":33}},{"start":{"line":87,"column":37},"end":{"line":87,"column":52}}]},"8":{"loc":{"start":{"line":96,"column":4},"end":{"line":98,"column":5}},"type":"if","locations":[{"start":{"line":96,"column":4},"end":{"line":98,"column":5}}]},"9":{"loc":{"start":{"line":104,"column":4},"end":{"line":106,"column":5}},"type":"if","locations":[{"start":{"line":104,"column":4},"end":{"line":106,"column":5}}]},"10":{"loc":{"start":{"line":104,"column":8},"end":{"line":104,"column":73}},"type":"binary-expr","locations":[{"start":{"line":104,"column":8},"end":{"line":104,"column":26}},{"start":{"line":104,"column":30},"end":{"line":104,"column":73}}]},"11":{"loc":{"start":{"line":120,"column":6},"end":{"line":123,"column":7}},"type":"if","locations":[{"start":{"line":120,"column":6},"end":{"line":123,"column":7}}]},"12":{"loc":{"start":{"line":125,"column":6},"end":{"line":131,"column":7}},"type":"if","locations":[{"start":{"line":125,"column":6},"end":{"line":131,"column":7}}]},"13":{"loc":{"start":{"line":127,"column":8},"end":{"line":130,"column":9}},"type":"if","locations":[{"start":{"line":127,"column":8},"end":{"line":130,"column":9}}]},"14":{"loc":{"start":{"line":142,"column":4},"end":{"line":144,"column":5}},"type":"if","locations":[{"start":{"line":142,"column":4},"end":{"line":144,"column":5}}]},"15":{"loc":{"start":{"line":142,"column":8},"end":{"line":142,"column":77}},"type":"binary-expr","locations":[{"start":{"line":142,"column":8},"end":{"line":142,"column":30}},{"start":{"line":142,"column":34},"end":{"line":142,"column":77}}]},"16":{"loc":{"start":{"line":149,"column":27},"end":{"line":149,"column":98}},"type":"cond-expr","locations":[{"start":{"line":149,"column":46},"end":{"line":149,"column":47}},{"start":{"line":149,"column":50},"end":{"line":149,"column":98}}]},"17":{"loc":{"start":{"line":192,"column":4},"end":{"line":194,"column":5}},"type":"if","locations":[{"start":{"line":192,"column":4},"end":{"line":194,"column":5}}]},"18":{"loc":{"start":{"line":192,"column":8},"end":{"line":192,"column":60}},"type":"binary-expr","locations":[{"start":{"line":192,"column":8},"end":{"line":192,"column":14}},{"start":{"line":192,"column":18},"end":{"line":192,"column":60}}]},"19":{"loc":{"start":{"line":196,"column":4},"end":{"line":198,"column":5}},"type":"if","locations":[{"start":{"line":196,"column":4},"end":{"line":198,"column":5}}]},"20":{"loc":{"start":{"line":196,"column":8},"end":{"line":196,"column":53}},"type":"binary-expr","locations":[{"start":{"line":196,"column":8},"end":{"line":196,"column":35}},{"start":{"line":196,"column":39},"end":{"line":196,"column":53}}]},"21":{"loc":{"start":{"line":200,"column":4},"end":{"line":202,"column":5}},"type":"if","locations":[{"start":{"line":200,"column":4},"end":{"line":202,"column":5}}]},"22":{"loc":{"start":{"line":200,"column":8},"end":{"line":200,"column":57}},"type":"binary-expr","locations":[{"start":{"line":200,"column":8},"end":{"line":200,"column":38}},{"start":{"line":200,"column":42},"end":{"line":200,"column":57}}]},"23":{"loc":{"start":{"line":204,"column":4},"end":{"line":206,"column":5}},"type":"if","locations":[{"start":{"line":204,"column":4},"end":{"line":206,"column":5}}]},"24":{"loc":{"start":{"line":204,"column":8},"end":{"line":204,"column":62}},"type":"binary-expr","locations":[{"start":{"line":204,"column":8},"end":{"line":204,"column":24}},{"start":{"line":204,"column":28},"end":{"line":204,"column":62}}]},"25":{"loc":{"start":{"line":208,"column":4},"end":{"line":210,"column":5}},"type":"if","locations":[{"start":{"line":208,"column":4},"end":{"line":210,"column":5}}]},"26":{"loc":{"start":{"line":208,"column":8},"end":{"line":208,"column":45}},"type":"binary-expr","locations":[{"start":{"line":208,"column":8},"end":{"line":208,"column":20}},{"start":{"line":208,"column":24},"end":{"line":208,"column":45}}]},"27":{"loc":{"start":{"line":212,"column":4},"end":{"line":214,"column":5}},"type":"if","locations":[{"start":{"line":212,"column":4},"end":{"line":214,"column":5}}]},"28":{"loc":{"start":{"line":216,"column":4},"end":{"line":218,"column":5}},"type":"if","locations":[{"start":{"line":216,"column":4},"end":{"line":218,"column":5}}]},"29":{"loc":{"start":{"line":216,"column":8},"end":{"line":216,"column":39}},"type":"binary-expr","locations":[{"start":{"line":216,"column":8},"end":{"line":216,"column":21}},{"start":{"line":216,"column":25},"end":{"line":216,"column":39}}]},"30":{"loc":{"start":{"line":227,"column":4},"end":{"line":229,"column":5}},"type":"if","locations":[{"start":{"line":227,"column":4},"end":{"line":229,"column":5}}]},"31":{"loc":{"start":{"line":231,"column":4},"end":{"line":233,"column":5}},"type":"if","locations":[{"start":{"line":231,"column":4},"end":{"line":233,"column":5}}]},"32":{"loc":{"start":{"line":232,"column":13},"end":{"line":232,"column":60}},"type":"binary-expr","locations":[{"start":{"line":232,"column":13},"end":{"line":232,"column":36}},{"start":{"line":232,"column":40},"end":{"line":232,"column":60}}]},"33":{"loc":{"start":{"line":235,"column":4},"end":{"line":237,"column":5}},"type":"if","locations":[{"start":{"line":235,"column":4},"end":{"line":237,"column":5}}]}},"s":{"0":1,"1":1,"2":1,"3":1,"4":12,"5":31,"6":5,"7":12,"8":12,"9":12,"10":12,"11":12,"12":0,"13":7,"14":7,"15":7,"16":7,"17":7,"18":7,"19":2,"20":2,"21":0,"22":2,"23":2,"24":2,"25":2,"26":7,"27":7,"28":7,"29":7,"30":0,"31":0,"32":0,"33":0,"34":0,"35":0,"36":0,"37":0,"38":0,"39":0,"40":0,"41":0,"42":0,"43":0,"44":0,"45":0,"46":0,"47":0,"48":0,"49":0,"50":0,"51":0,"52":0,"53":0,"54":0,"55":0,"56":0,"57":0,"58":0,"59":0,"60":0,"61":0,"62":0,"63":0,"64":0,"65":0,"66":0,"67":0,"68":0,"69":0,"70":0,"71":0,"72":0,"73":0,"74":0,"75":0,"76":2,"77":4,"78":16,"79":31,"80":31,"81":2,"82":29,"83":1,"84":28,"85":3,"86":25,"87":2,"88":23,"89":11,"90":12,"91":4,"92":8,"93":4,"94":4,"95":4,"96":4,"97":4,"98":4,"99":4,"100":4,"101":0,"102":4,"103":2,"104":2,"105":2,"106":0,"107":1},"f":{"0":12,"1":31,"2":5,"3":0,"4":7,"5":2,"6":7,"7":0,"8":0,"9":0,"10":0,"11":0,"12":0,"13":0,"14":2,"15":4,"16":16,"17":31},"b":{"0":[0],"1":[0],"2":[6],"3":[12,3],"4":[7,7],"5":[0],"6":[2,0],"7":[2,2],"8":[7],"9":[0],"10":[0,0],"11":[0],"12":[0],"13":[0],"14":[0],"15":[0,0],"16":[0,0],"17":[2],"18":[31,4],"19":[1],"20":[29,4],"21":[3],"22":[28,4],"23":[2],"24":[25,3],"25":[11],"26":[23,12],"27":[4],"28":[4],"29":[8,6],"30":[0],"31":[2],"32":[2,2],"33":[2]}}
}
