TN:
SF:src\controllers\todoController.ts
FN:11,(anonymous_0)
FN:14,(anonymous_1)
FN:31,(anonymous_2)
FN:47,(anonymous_3)
FN:63,(anonymous_4)
FN:81,(anonymous_5)
FN:97,(anonymous_6)
FN:106,(anonymous_7)
FN:115,(anonymous_8)
FN:125,(anonymous_9)
FN:132,(anonymous_10)
FN:139,(anonymous_11)
FNF:12
FNH:0
FNDA:0,(anonymous_0)
FNDA:0,(anonymous_1)
FNDA:0,(anonymous_2)
FNDA:0,(anonymous_3)
FNDA:0,(anonymous_4)
FNDA:0,(anonymous_5)
FNDA:0,(anonymous_6)
FNDA:0,(anonymous_7)
FNDA:0,(anonymous_8)
FNDA:0,(anonymous_9)
FNDA:0,(anonymous_10)
FNDA:0,(anonymous_11)
DA:2,0
DA:11,0
DA:12,0
DA:14,0
DA:15,0
DA:16,0
DA:17,0
DA:18,0
DA:24,0
DA:25,0
DA:27,0
DA:31,0
DA:32,0
DA:33,0
DA:34,0
DA:36,0
DA:37,0
DA:38,0
DA:41,0
DA:43,0
DA:47,0
DA:48,0
DA:49,0
DA:51,0
DA:52,0
DA:53,0
DA:56,0
DA:57,0
DA:59,0
DA:63,0
DA:64,0
DA:65,0
DA:66,0
DA:68,0
DA:70,0
DA:71,0
DA:72,0
DA:75,0
DA:77,0
DA:81,0
DA:82,0
DA:83,0
DA:84,0
DA:86,0
DA:87,0
DA:88,0
DA:91,0
DA:93,0
DA:97,0
DA:98,0
DA:99,0
DA:100,0
DA:102,0
DA:106,0
DA:107,0
DA:108,0
DA:109,0
DA:111,0
DA:115,0
DA:116,0
DA:117,0
DA:118,0
DA:119,0
DA:121,0
DA:126,0
DA:127,0
DA:129,0
DA:133,0
DA:134,0
DA:136,0
DA:140,0
DA:147,0
DA:149,0
LF:73
LH:0
BRDA:16,0,0,0
BRDA:16,0,1,0
BRDA:17,1,0,0
BRDA:17,1,1,0
BRDA:19,2,0,0
BRDA:19,2,1,0
BRDA:36,3,0,0
BRDA:51,4,0,0
BRDA:51,5,0,0
BRDA:51,5,1,0
BRDA:70,6,0,0
BRDA:86,7,0,0
BRDA:126,8,0,0
BRDA:126,9,0,0
BRDA:126,9,1,0
BRDA:126,9,2,0
BRDA:133,10,0,0
BRDA:133,11,0,0
BRDA:133,11,1,0
BRDA:133,11,2,0
BRDA:140,12,0,0
BRDA:141,13,0,0
BRDA:141,13,1,0
BRDA:141,13,2,0
BRDA:141,13,3,0
BRDA:141,13,4,0
BRF:26
BRH:0
end_of_record
TN:
SF:src\middleware\errorHandler.ts
FN:3,(anonymous_0)
FN:11,(anonymous_1)
FNF:2
FNH:0
FNDA:0,(anonymous_0)
FNDA:0,(anonymous_1)
DA:3,0
DA:4,0
DA:5,0
DA:11,0
DA:12,0
LF:5
LH:0
BRF:0
BRH:0
end_of_record
TN:
SF:src\routes\todoRoutes.ts
FNF:0
FNH:0
DA:1,0
DA:2,0
DA:4,0
DA:5,0
DA:8,0
DA:9,0
DA:12,0
DA:15,0
DA:16,0
DA:17,0
DA:18,0
DA:19,0
DA:21,0
LF:13
LH:0
BRF:0
BRH:0
end_of_record
TN:
SF:src\services\todoService.ts
FN:37,(anonymous_0)
FN:43,(anonymous_1)
FN:44,(anonymous_2)
FN:54,(anonymous_3)
FN:58,(anonymous_4)
FN:77,(anonymous_5)
FN:94,(anonymous_6)
FN:102,(anonymous_7)
FN:118,(anonymous_8)
FN:134,(anonymous_9)
FN:140,(anonymous_10)
FN:148,(anonymous_11)
FN:155,(anonymous_12)
FN:161,(anonymous_13)
FN:178,(anonymous_14)
FN:179,(anonymous_15)
FN:182,(anonymous_16)
FN:190,(anonymous_17)
FNF:18
FNH:10
FNDA:12,(anonymous_0)
FNDA:31,(anonymous_1)
FNDA:5,(anonymous_2)
FNDA:0,(anonymous_3)
FNDA:7,(anonymous_4)
FNDA:2,(anonymous_5)
FNDA:7,(anonymous_6)
FNDA:0,(anonymous_7)
FNDA:0,(anonymous_8)
FNDA:0,(anonymous_9)
FNDA:0,(anonymous_10)
FNDA:0,(anonymous_11)
FNDA:0,(anonymous_12)
FNDA:0,(anonymous_13)
FNDA:2,(anonymous_14)
FNDA:4,(anonymous_15)
FNDA:16,(anonymous_16)
FNDA:31,(anonymous_17)
DA:1,1
DA:5,1
DA:28,1
DA:34,1
DA:36,1
DA:42,12
DA:43,31
DA:44,5
DA:46,12
DA:47,12
DA:48,12
DA:49,12
DA:51,12
DA:55,0
DA:59,7
DA:60,7
DA:61,7
DA:72,7
DA:73,7
DA:74,7
DA:78,2
DA:79,2
DA:81,2
DA:89,2
DA:90,2
DA:91,2
DA:95,7
DA:96,7
DA:97,7
DA:99,7
DA:103,0
DA:104,0
DA:105,0
DA:108,0
DA:109,0
DA:111,0
DA:112,0
DA:113,0
DA:114,0
DA:115,0
DA:118,0
DA:119,0
DA:120,0
DA:121,0
DA:122,0
DA:125,0
DA:126,0
DA:127,0
DA:128,0
DA:129,0
DA:134,0
DA:135,0
DA:136,0
DA:137,0
DA:141,0
DA:142,0
DA:143,0
DA:146,0
DA:147,0
DA:148,0
DA:149,0
DA:151,0
DA:152,0
DA:153,0
DA:155,0
DA:156,0
DA:157,0
DA:160,0
DA:161,0
DA:164,0
DA:173,0
DA:174,0
DA:175,0
DA:179,4
DA:183,16
DA:191,31
DA:192,31
DA:193,2
DA:196,29
DA:197,1
DA:200,28
DA:201,3
DA:204,25
DA:205,2
DA:208,23
DA:209,11
DA:212,12
DA:213,4
DA:216,8
DA:217,4
DA:220,4
DA:221,4
DA:222,4
DA:223,4
DA:224,4
DA:225,4
DA:227,4
DA:228,0
DA:231,4
DA:232,2
DA:235,2
DA:236,2
DA:239,0
LF:103
LH:57
BRDA:38,0,0,0
BRDA:39,1,0,0
BRDA:40,2,0,6
BRDA:47,3,0,12
BRDA:47,3,1,3
BRDA:64,4,0,7
BRDA:64,4,1,7
BRDA:79,5,0,0
BRDA:87,6,0,2
BRDA:87,6,1,0
BRDA:87,7,0,2
BRDA:87,7,1,2
BRDA:96,8,0,7
BRDA:104,9,0,0
BRDA:104,10,0,0
BRDA:104,10,1,0
BRDA:120,11,0,0
BRDA:125,12,0,0
BRDA:127,13,0,0
BRDA:142,14,0,0
BRDA:142,15,0,0
BRDA:142,15,1,0
BRDA:149,16,0,0
BRDA:149,16,1,0
BRDA:192,17,0,2
BRDA:192,18,0,31
BRDA:192,18,1,4
BRDA:196,19,0,1
BRDA:196,20,0,29
BRDA:196,20,1,4
BRDA:200,21,0,3
BRDA:200,22,0,28
BRDA:200,22,1,4
BRDA:204,23,0,2
BRDA:204,24,0,25
BRDA:204,24,1,3
BRDA:208,25,0,11
BRDA:208,26,0,23
BRDA:208,26,1,12
BRDA:212,27,0,4
BRDA:216,28,0,4
BRDA:216,29,0,8
BRDA:216,29,1,6
BRDA:227,30,0,0
BRDA:231,31,0,2
BRDA:232,32,0,2
BRDA:232,32,1,2
BRDA:235,33,0,2
BRF:48
BRH:32
end_of_record
